[2023-02-17 16:23:25,347] multiqc                                            [DEBUG  ]  This is MultiQC v1.11
[2023-02-17 16:23:25,347] multiqc                                            [DEBUG  ]  No MultiQC config found: /pub39/tea/nsc006/anaconda3/envs/illumina_qc/lib/python3.10/site-packages/multiqc_config.yaml
[2023-02-17 16:23:25,347] multiqc                                            [DEBUG  ]  No MultiQC config found: /pub39/tea/nsc006/.multiqc_config.yaml
[2023-02-17 16:23:25,347] multiqc                                            [DEBUG  ]  No MultiQC config found: multiqc_config.yaml
[2023-02-17 16:23:25,347] multiqc                                            [DEBUG  ]  Command used: /pub39/tea/nsc006/anaconda3/envs/illumina_qc/bin/multiqc -o trimmomatic_multiqc_output/r2 trimmomatic_fastqc_output/Sample_1_2P_fastqc.html trimmomatic_fastqc_output/Sample_1_2P_fastqc.zip trimmomatic_fastqc_output/Sample_2_2P_fastqc.html trimmomatic_fastqc_output/Sample_2_2P_fastqc.zip trimmomatic_fastqc_output/Sample_3_2P_fastqc.html trimmomatic_fastqc_output/Sample_3_2P_fastqc.zip trimmomatic_fastqc_output/Sample_4_2P_fastqc.html trimmomatic_fastqc_output/Sample_4_2P_fastqc.zip
[2023-02-17 16:23:25,487] multiqc                                            [WARNING]  MultiQC Version v1.14 now available!
[2023-02-17 16:23:25,488] multiqc                                            [DEBUG  ]  Command     : /pub39/tea/nsc006/anaconda3/envs/illumina_qc/bin/multiqc -o trimmomatic_multiqc_output/r2 trimmomatic_fastqc_output/Sample_1_2P_fastqc.html trimmomatic_fastqc_output/Sample_1_2P_fastqc.zip trimmomatic_fastqc_output/Sample_2_2P_fastqc.html trimmomatic_fastqc_output/Sample_2_2P_fastqc.zip trimmomatic_fastqc_output/Sample_3_2P_fastqc.html trimmomatic_fastqc_output/Sample_3_2P_fastqc.zip trimmomatic_fastqc_output/Sample_4_2P_fastqc.html trimmomatic_fastqc_output/Sample_4_2P_fastqc.zip
[2023-02-17 16:23:25,488] multiqc                                            [DEBUG  ]  Working dir : /pub39/tea/nsc006/teach_tests/QC_workshop/Illumina_QC/multiqc_example
[2023-02-17 16:23:25,488] multiqc                                            [DEBUG  ]  Template    : default
[2023-02-17 16:23:25,488] multiqc                                            [DEBUG  ]  Running Python 3.10.0 | packaged by conda-forge | (default, Oct 12 2021, 21:24:28) [GCC 9.4.0]
[2023-02-17 16:23:25,488] multiqc                                            [DEBUG  ]  Analysing modules: custom_content, ccs, ngsderive, purple, conpair, lima, peddy, somalier, methylQA, mosdepth, phantompeakqualtools, qualimap, preseq, quast, qorts, rna_seqc, rockhopper, rsem, rseqc, busco, bustools, goleft_indexcov, gffcompare, disambiguate, supernova, deeptools, sargasso, verifybamid, mirtrace, happy, mirtop, sambamba, homer, hops, macs2, theta2, snpeff, gatk, htseq, bcftools, featureCounts, fgbio, dragen, dedup, damageprofiler, biobambam2, jcvi, mtnucratio, picard, vep, sentieon, prokka, qc3C, nanostat, samblaster, samtools, sexdeterrmine, eigenstratdatabasetools, bamtools, jellyfish, vcftools, longranger, stacks, varscan2, snippy, bbmap, bismark, biscuit, hicexplorer, hicup, hicpro, salmon, kallisto, slamdunk, star, hisat2, tophat, bowtie2, bowtie1, snpsplit, odgi, pangolin, kat, leehom, adapterRemoval, clipandmerge, cutadapt, flexbar, kaiju, kraken, malt, trimmomatic, sickle, skewer, sortmerna, biobloomtools, fastq_screen, afterqc, fastp, fastqc, pychopper, pycoqc, minionqc, multivcfanalyzer, clusterflow, bcl2fastq, bclconvert, interop, ivar, flash, seqyclean, optitype
[2023-02-17 16:23:25,488] multiqc                                            [DEBUG  ]  Using temporary directory for creating report: /tmp/tmpkb3bt9r4
[2023-02-17 16:23:25,604] multiqc                                            [INFO   ]  Search path : /pub39/tea/nsc006/teach_tests/QC_workshop/Illumina_QC/multiqc_example/trimmomatic_fastqc_output/Sample_1_2P_fastqc.html
[2023-02-17 16:23:25,604] multiqc                                            [INFO   ]  Search path : /pub39/tea/nsc006/teach_tests/QC_workshop/Illumina_QC/multiqc_example/trimmomatic_fastqc_output/Sample_1_2P_fastqc.zip
[2023-02-17 16:23:25,604] multiqc                                            [INFO   ]  Search path : /pub39/tea/nsc006/teach_tests/QC_workshop/Illumina_QC/multiqc_example/trimmomatic_fastqc_output/Sample_2_2P_fastqc.html
[2023-02-17 16:23:25,604] multiqc                                            [INFO   ]  Search path : /pub39/tea/nsc006/teach_tests/QC_workshop/Illumina_QC/multiqc_example/trimmomatic_fastqc_output/Sample_2_2P_fastqc.zip
[2023-02-17 16:23:25,605] multiqc                                            [INFO   ]  Search path : /pub39/tea/nsc006/teach_tests/QC_workshop/Illumina_QC/multiqc_example/trimmomatic_fastqc_output/Sample_3_2P_fastqc.html
[2023-02-17 16:23:25,605] multiqc                                            [INFO   ]  Search path : /pub39/tea/nsc006/teach_tests/QC_workshop/Illumina_QC/multiqc_example/trimmomatic_fastqc_output/Sample_3_2P_fastqc.zip
[2023-02-17 16:23:25,605] multiqc                                            [INFO   ]  Search path : /pub39/tea/nsc006/teach_tests/QC_workshop/Illumina_QC/multiqc_example/trimmomatic_fastqc_output/Sample_4_2P_fastqc.html
[2023-02-17 16:23:25,605] multiqc                                            [INFO   ]  Search path : /pub39/tea/nsc006/teach_tests/QC_workshop/Illumina_QC/multiqc_example/trimmomatic_fastqc_output/Sample_4_2P_fastqc.zip
[2023-02-17 16:23:25,655] multiqc                                            [DEBUG  ]  File ignored by ccs/v4 because it exceeded search pattern filesize limit: Sample_1_2P_fastqc.html
[2023-02-17 16:23:25,660] multiqc                                            [DEBUG  ]  File ignored by hicexplorer because it exceeded search pattern filesize limit: Sample_1_2P_fastqc.html
[2023-02-17 16:23:25,660] multiqc                                            [DEBUG  ]  File ignored by nanostat because it exceeded search pattern filesize limit: Sample_1_2P_fastqc.html
[2023-02-17 16:23:25,660] multiqc                                            [DEBUG  ]  File ignored by lima/summary because it exceeded search pattern filesize limit: Sample_1_2P_fastqc.html
[2023-02-17 16:23:25,670] multiqc                                            [DEBUG  ]  File ignored by vep/vep_txt because it exceeded search pattern filesize limit: Sample_1_2P_fastqc.html
[2023-02-17 16:23:25,670] multiqc                                            [DEBUG  ]  File ignored by longranger/invocation because it exceeded search pattern filesize limit: Sample_1_2P_fastqc.html
[2023-02-17 16:23:25,670] multiqc                                            [DEBUG  ]  File ignored by rockhopper because it exceeded search pattern filesize limit: Sample_1_2P_fastqc.html
[2023-02-17 16:23:25,670] multiqc                                            [DEBUG  ]  File ignored by rseqc/bam_stat because it exceeded search pattern filesize limit: Sample_1_2P_fastqc.html
[2023-02-17 16:23:25,670] multiqc                                            [DEBUG  ]  File ignored by rseqc/junction_annotation because it exceeded search pattern filesize limit: Sample_1_2P_fastqc.html
[2023-02-17 16:23:25,670] multiqc                                            [DEBUG  ]  File ignored by rseqc/read_distribution because it exceeded search pattern filesize limit: Sample_1_2P_fastqc.html
[2023-02-17 16:23:25,670] multiqc                                            [DEBUG  ]  File ignored by rseqc/infer_experiment because it exceeded search pattern filesize limit: Sample_1_2P_fastqc.html
[2023-02-17 16:23:25,789] multiqc                                            [DEBUG  ]  File ignored by ccs/v4 because it exceeded search pattern filesize limit: Sample_2_2P_fastqc.html
[2023-02-17 16:23:25,792] multiqc                                            [DEBUG  ]  File ignored by hicexplorer because it exceeded search pattern filesize limit: Sample_2_2P_fastqc.html
[2023-02-17 16:23:25,793] multiqc                                            [DEBUG  ]  File ignored by nanostat because it exceeded search pattern filesize limit: Sample_2_2P_fastqc.html
[2023-02-17 16:23:25,793] multiqc                                            [DEBUG  ]  File ignored by lima/summary because it exceeded search pattern filesize limit: Sample_2_2P_fastqc.html
[2023-02-17 16:23:25,800] multiqc                                            [DEBUG  ]  File ignored by vep/vep_txt because it exceeded search pattern filesize limit: Sample_2_2P_fastqc.html
[2023-02-17 16:23:25,800] multiqc                                            [DEBUG  ]  File ignored by longranger/invocation because it exceeded search pattern filesize limit: Sample_2_2P_fastqc.html
[2023-02-17 16:23:25,800] multiqc                                            [DEBUG  ]  File ignored by rockhopper because it exceeded search pattern filesize limit: Sample_2_2P_fastqc.html
[2023-02-17 16:23:25,800] multiqc                                            [DEBUG  ]  File ignored by rseqc/bam_stat because it exceeded search pattern filesize limit: Sample_2_2P_fastqc.html
[2023-02-17 16:23:25,800] multiqc                                            [DEBUG  ]  File ignored by rseqc/junction_annotation because it exceeded search pattern filesize limit: Sample_2_2P_fastqc.html
[2023-02-17 16:23:25,800] multiqc                                            [DEBUG  ]  File ignored by rseqc/read_distribution because it exceeded search pattern filesize limit: Sample_2_2P_fastqc.html
[2023-02-17 16:23:25,801] multiqc                                            [DEBUG  ]  File ignored by rseqc/infer_experiment because it exceeded search pattern filesize limit: Sample_2_2P_fastqc.html
[2023-02-17 16:23:25,914] multiqc                                            [DEBUG  ]  File ignored by ccs/v4 because it exceeded search pattern filesize limit: Sample_3_2P_fastqc.html
[2023-02-17 16:23:25,918] multiqc                                            [DEBUG  ]  File ignored by hicexplorer because it exceeded search pattern filesize limit: Sample_3_2P_fastqc.html
[2023-02-17 16:23:25,918] multiqc                                            [DEBUG  ]  File ignored by nanostat because it exceeded search pattern filesize limit: Sample_3_2P_fastqc.html
[2023-02-17 16:23:25,918] multiqc                                            [DEBUG  ]  File ignored by lima/summary because it exceeded search pattern filesize limit: Sample_3_2P_fastqc.html
[2023-02-17 16:23:25,928] multiqc                                            [DEBUG  ]  File ignored by vep/vep_txt because it exceeded search pattern filesize limit: Sample_3_2P_fastqc.html
[2023-02-17 16:23:25,928] multiqc                                            [DEBUG  ]  File ignored by longranger/invocation because it exceeded search pattern filesize limit: Sample_3_2P_fastqc.html
[2023-02-17 16:23:25,928] multiqc                                            [DEBUG  ]  File ignored by rockhopper because it exceeded search pattern filesize limit: Sample_3_2P_fastqc.html
[2023-02-17 16:23:25,928] multiqc                                            [DEBUG  ]  File ignored by rseqc/bam_stat because it exceeded search pattern filesize limit: Sample_3_2P_fastqc.html
[2023-02-17 16:23:25,929] multiqc                                            [DEBUG  ]  File ignored by rseqc/junction_annotation because it exceeded search pattern filesize limit: Sample_3_2P_fastqc.html
[2023-02-17 16:23:25,929] multiqc                                            [DEBUG  ]  File ignored by rseqc/read_distribution because it exceeded search pattern filesize limit: Sample_3_2P_fastqc.html
[2023-02-17 16:23:25,929] multiqc                                            [DEBUG  ]  File ignored by rseqc/infer_experiment because it exceeded search pattern filesize limit: Sample_3_2P_fastqc.html
[2023-02-17 16:23:26,045] multiqc                                            [DEBUG  ]  File ignored by ccs/v4 because it exceeded search pattern filesize limit: Sample_4_2P_fastqc.html
[2023-02-17 16:23:26,049] multiqc                                            [DEBUG  ]  File ignored by hicexplorer because it exceeded search pattern filesize limit: Sample_4_2P_fastqc.html
[2023-02-17 16:23:26,049] multiqc                                            [DEBUG  ]  File ignored by nanostat because it exceeded search pattern filesize limit: Sample_4_2P_fastqc.html
[2023-02-17 16:23:26,049] multiqc                                            [DEBUG  ]  File ignored by lima/summary because it exceeded search pattern filesize limit: Sample_4_2P_fastqc.html
[2023-02-17 16:23:26,056] multiqc                                            [DEBUG  ]  File ignored by vep/vep_txt because it exceeded search pattern filesize limit: Sample_4_2P_fastqc.html
[2023-02-17 16:23:26,056] multiqc                                            [DEBUG  ]  File ignored by longranger/invocation because it exceeded search pattern filesize limit: Sample_4_2P_fastqc.html
[2023-02-17 16:23:26,056] multiqc                                            [DEBUG  ]  File ignored by rockhopper because it exceeded search pattern filesize limit: Sample_4_2P_fastqc.html
[2023-02-17 16:23:26,056] multiqc                                            [DEBUG  ]  File ignored by rseqc/bam_stat because it exceeded search pattern filesize limit: Sample_4_2P_fastqc.html
[2023-02-17 16:23:26,056] multiqc                                            [DEBUG  ]  File ignored by rseqc/junction_annotation because it exceeded search pattern filesize limit: Sample_4_2P_fastqc.html
[2023-02-17 16:23:26,056] multiqc                                            [DEBUG  ]  File ignored by rseqc/read_distribution because it exceeded search pattern filesize limit: Sample_4_2P_fastqc.html
[2023-02-17 16:23:26,057] multiqc                                            [DEBUG  ]  File ignored by rseqc/infer_experiment because it exceeded search pattern filesize limit: Sample_4_2P_fastqc.html
[2023-02-17 16:23:26,597] multiqc.plots.bargraph                             [DEBUG  ]  Using matplotlib version 3.4.3
[2023-02-17 16:23:26,598] multiqc.plots.linegraph                            [DEBUG  ]  Using matplotlib version 3.4.3
[2023-02-17 16:23:26,599] multiqc                                            [DEBUG  ]  No samples found: custom_content
[2023-02-17 16:23:26,605] multiqc                                            [DEBUG  ]  No samples found: ccs
[2023-02-17 16:23:26,611] multiqc                                            [DEBUG  ]  No samples found: ngsderive
[2023-02-17 16:23:26,617] multiqc                                            [DEBUG  ]  No samples found: purple
[2023-02-17 16:23:26,623] multiqc                                            [DEBUG  ]  No samples found: conpair
[2023-02-17 16:23:26,629] multiqc                                            [DEBUG  ]  No samples found: lima
[2023-02-17 16:23:26,635] multiqc                                            [DEBUG  ]  No samples found: peddy
[2023-02-17 16:23:26,641] multiqc                                            [DEBUG  ]  No samples found: somalier
[2023-02-17 16:23:26,647] multiqc                                            [DEBUG  ]  No samples found: methylQA
[2023-02-17 16:23:26,654] multiqc.modules.mosdepth.mosdepth                  [DEBUG  ]  include_contigs: []
[2023-02-17 16:23:26,654] multiqc.modules.mosdepth.mosdepth                  [DEBUG  ]  exclude_contigs: []
[2023-02-17 16:23:26,654] multiqc                                            [DEBUG  ]  No samples found: mosdepth
[2023-02-17 16:23:26,660] multiqc                                            [DEBUG  ]  No samples found: phantompeakqualtools
[2023-02-17 16:23:26,665] multiqc                                            [DEBUG  ]  No samples found: qualimap
[2023-02-17 16:23:26,671] multiqc                                            [DEBUG  ]  No samples found: preseq
[2023-02-17 16:23:26,677] multiqc                                            [DEBUG  ]  No samples found: quast
[2023-02-17 16:23:26,683] multiqc                                            [DEBUG  ]  No samples found: qorts
[2023-02-17 16:23:26,689] multiqc                                            [DEBUG  ]  No samples found: rna_seqc
[2023-02-17 16:23:26,695] multiqc                                            [DEBUG  ]  No samples found: rockhopper
[2023-02-17 16:23:26,701] multiqc                                            [DEBUG  ]  No samples found: rsem
[2023-02-17 16:23:26,711] multiqc                                            [DEBUG  ]  No samples found: rseqc
[2023-02-17 16:23:26,717] multiqc                                            [DEBUG  ]  No samples found: busco
[2023-02-17 16:23:26,723] multiqc                                            [DEBUG  ]  No samples found: bustools
[2023-02-17 16:23:26,729] multiqc                                            [DEBUG  ]  No samples found: goleft_indexcov
[2023-02-17 16:23:26,734] multiqc                                            [DEBUG  ]  No samples found: gffcompare
[2023-02-17 16:23:26,740] multiqc                                            [DEBUG  ]  No samples found: disambiguate
[2023-02-17 16:23:26,746] multiqc                                            [DEBUG  ]  No samples found: supernova
[2023-02-17 16:23:26,756] multiqc                                            [DEBUG  ]  No samples found: deeptools
[2023-02-17 16:23:26,762] multiqc                                            [DEBUG  ]  No samples found: sargasso
[2023-02-17 16:23:26,767] multiqc                                            [DEBUG  ]  No samples found: verifybamid
[2023-02-17 16:23:26,773] multiqc                                            [DEBUG  ]  No samples found: mirtrace
[2023-02-17 16:23:26,779] multiqc                                            [DEBUG  ]  No samples found: happy
[2023-02-17 16:23:26,785] multiqc                                            [DEBUG  ]  No samples found: mirtop
[2023-02-17 16:23:26,791] multiqc                                            [DEBUG  ]  No samples found: sambamba
[2023-02-17 16:23:26,798] multiqc                                            [DEBUG  ]  No samples found: homer
[2023-02-17 16:23:26,804] multiqc                                            [DEBUG  ]  No samples found: hops
[2023-02-17 16:23:26,809] multiqc                                            [DEBUG  ]  No samples found: macs2
[2023-02-17 16:23:26,815] multiqc                                            [DEBUG  ]  No samples found: theta2
[2023-02-17 16:23:26,821] multiqc                                            [DEBUG  ]  No samples found: snpeff
[2023-02-17 16:23:26,828] multiqc                                            [DEBUG  ]  No samples found: gatk
[2023-02-17 16:23:26,833] multiqc                                            [DEBUG  ]  No samples found: htseq
[2023-02-17 16:23:26,840] multiqc                                            [DEBUG  ]  No samples found: bcftools
[2023-02-17 16:23:26,845] multiqc                                            [DEBUG  ]  No samples found: featureCounts
[2023-02-17 16:23:26,854] multiqc                                            [DEBUG  ]  No samples found: fgbio
[2023-02-17 16:23:26,864] multiqc                                            [DEBUG  ]  No samples found: dragen
[2023-02-17 16:23:26,870] multiqc                                            [DEBUG  ]  No samples found: dedup
[2023-02-17 16:23:26,876] multiqc                                            [DEBUG  ]  No samples found: damageprofiler
[2023-02-17 16:23:26,893] multiqc                                            [DEBUG  ]  No samples found: biobambam2
[2023-02-17 16:23:26,899] multiqc                                            [DEBUG  ]  No samples found: jcvi
[2023-02-17 16:23:26,905] multiqc                                            [DEBUG  ]  No samples found: mtnucratio
[2023-02-17 16:23:26,910] multiqc                                            [DEBUG  ]  No samples found: picard
[2023-02-17 16:23:26,915] multiqc                                            [DEBUG  ]  No samples found: vep
[2023-02-17 16:23:26,922] multiqc                                            [DEBUG  ]  No samples found: sentieon
[2023-02-17 16:23:26,928] multiqc                                            [DEBUG  ]  No samples found: prokka
[2023-02-17 16:23:26,934] multiqc                                            [DEBUG  ]  No samples found: qc3C
[2023-02-17 16:23:26,940] multiqc                                            [DEBUG  ]  No samples found: nanostat
[2023-02-17 16:23:26,946] multiqc                                            [DEBUG  ]  No samples found: samblaster
[2023-02-17 16:23:26,953] multiqc                                            [DEBUG  ]  No samples found: samtools
[2023-02-17 16:23:26,959] multiqc                                            [DEBUG  ]  No samples found: sexdeterrmine
[2023-02-17 16:23:26,965] multiqc                                            [DEBUG  ]  No samples found: eigenstratdatabasetools
[2023-02-17 16:23:26,971] multiqc                                            [DEBUG  ]  No samples found: bamtools
[2023-02-17 16:23:26,977] multiqc                                            [DEBUG  ]  No samples found: jellyfish
[2023-02-17 16:23:26,984] multiqc                                            [DEBUG  ]  No samples found: vcftools
[2023-02-17 16:23:26,990] multiqc                                            [DEBUG  ]  No samples found: longranger
[2023-02-17 16:23:26,996] multiqc                                            [DEBUG  ]  No samples found: stacks
[2023-02-17 16:23:27,001] multiqc                                            [DEBUG  ]  No samples found: varscan2
[2023-02-17 16:23:27,007] multiqc                                            [DEBUG  ]  No samples found: snippy
[2023-02-17 16:23:27,018] multiqc                                            [DEBUG  ]  No samples found: bbmap
[2023-02-17 16:23:27,024] multiqc                                            [DEBUG  ]  No samples found: bismark
[2023-02-17 16:23:27,030] multiqc                                            [DEBUG  ]  No samples found: biscuit
[2023-02-17 16:23:27,036] multiqc                                            [DEBUG  ]  No samples found: hicexplorer
[2023-02-17 16:23:27,042] multiqc                                            [DEBUG  ]  No samples found: hicup
[2023-02-17 16:23:27,048] multiqc                                            [DEBUG  ]  No samples found: hicpro
[2023-02-17 16:23:27,054] multiqc                                            [DEBUG  ]  No samples found: salmon
[2023-02-17 16:23:27,059] multiqc                                            [DEBUG  ]  No samples found: kallisto
[2023-02-17 16:23:27,065] multiqc                                            [DEBUG  ]  No samples found: slamdunk
[2023-02-17 16:23:27,071] multiqc                                            [DEBUG  ]  No samples found: star
[2023-02-17 16:23:27,077] multiqc                                            [DEBUG  ]  No samples found: hisat2
[2023-02-17 16:23:27,083] multiqc                                            [DEBUG  ]  No samples found: tophat
[2023-02-17 16:23:27,088] multiqc                                            [DEBUG  ]  No samples found: bowtie2
[2023-02-17 16:23:27,094] multiqc                                            [DEBUG  ]  No samples found: bowtie1
[2023-02-17 16:23:27,100] multiqc                                            [DEBUG  ]  No samples found: snpsplit
[2023-02-17 16:23:27,106] multiqc                                            [DEBUG  ]  No samples found: odgi
[2023-02-17 16:23:27,111] multiqc                                            [DEBUG  ]  No samples found: pangolin
[2023-02-17 16:23:27,117] multiqc                                            [DEBUG  ]  No samples found: kat
[2023-02-17 16:23:27,123] multiqc                                            [DEBUG  ]  No samples found: leehom
[2023-02-17 16:23:27,129] multiqc                                            [DEBUG  ]  No samples found: adapterRemoval
[2023-02-17 16:23:27,135] multiqc                                            [DEBUG  ]  No samples found: clipandmerge
[2023-02-17 16:23:27,141] multiqc                                            [DEBUG  ]  No samples found: cutadapt
[2023-02-17 16:23:27,146] multiqc                                            [DEBUG  ]  No samples found: flexbar
[2023-02-17 16:23:27,152] multiqc                                            [DEBUG  ]  No samples found: kaiju
[2023-02-17 16:23:27,158] multiqc                                            [DEBUG  ]  No samples found: kraken
[2023-02-17 16:23:27,164] multiqc                                            [DEBUG  ]  No samples found: malt
[2023-02-17 16:23:27,169] multiqc                                            [DEBUG  ]  No samples found: trimmomatic
[2023-02-17 16:23:27,175] multiqc                                            [DEBUG  ]  No samples found: sickle
[2023-02-17 16:23:27,181] multiqc                                            [DEBUG  ]  No samples found: skewer
[2023-02-17 16:23:27,187] multiqc                                            [DEBUG  ]  No samples found: sortmerna
[2023-02-17 16:23:27,192] multiqc                                            [DEBUG  ]  No samples found: biobloomtools
[2023-02-17 16:23:27,198] multiqc                                            [DEBUG  ]  No samples found: fastq_screen
[2023-02-17 16:23:27,204] multiqc                                            [DEBUG  ]  No samples found: afterqc
[2023-02-17 16:23:27,210] multiqc                                            [DEBUG  ]  No samples found: fastp
[2023-02-17 16:23:27,228] multiqc.modules.fastqc.fastqc                      [INFO   ]  Found 4 reports
[2023-02-17 16:23:27,333] multiqc                                            [DEBUG  ]  No samples found: pychopper
[2023-02-17 16:23:27,339] multiqc                                            [DEBUG  ]  No samples found: pycoqc
[2023-02-17 16:23:27,345] multiqc                                            [DEBUG  ]  No samples found: minionqc
[2023-02-17 16:23:27,350] multiqc                                            [DEBUG  ]  No samples found: multivcfanalyzer
[2023-02-17 16:23:27,357] multiqc                                            [DEBUG  ]  No samples found: clusterflow
[2023-02-17 16:23:27,363] multiqc                                            [DEBUG  ]  No samples found: bcl2fastq
[2023-02-17 16:23:27,368] multiqc                                            [DEBUG  ]  No samples found: bclconvert
[2023-02-17 16:23:27,374] multiqc                                            [DEBUG  ]  No samples found: interop
[2023-02-17 16:23:27,380] multiqc                                            [DEBUG  ]  No samples found: ivar
[2023-02-17 16:23:27,386] multiqc                                            [DEBUG  ]  No samples found: flash
[2023-02-17 16:23:27,391] multiqc                                            [DEBUG  ]  No samples found: seqyclean
[2023-02-17 16:23:27,397] multiqc                                            [DEBUG  ]  No samples found: optitype
[2023-02-17 16:23:27,406] multiqc                                            [INFO   ]  Compressing plot data
[2023-02-17 16:23:27,478] multiqc                                            [INFO   ]  Report      : trimmomatic_multiqc_output/r2/multiqc_report.html
[2023-02-17 16:23:27,478] multiqc                                            [INFO   ]  Data        : trimmomatic_multiqc_output/r2/multiqc_data
[2023-02-17 16:23:27,478] multiqc                                            [DEBUG  ]  Moving data file from '/tmp/tmpkb3bt9r4/multiqc_data' to 'trimmomatic_multiqc_output/r2/multiqc_data'
[2023-02-17 16:23:27,635] multiqc                                            [INFO   ]  MultiQC complete
