[2023-02-17 16:20:53,802] multiqc                                            [DEBUG  ]  This is MultiQC v1.11
[2023-02-17 16:20:53,802] multiqc                                            [DEBUG  ]  No MultiQC config found: /pub39/tea/nsc006/anaconda3/envs/illumina_qc/lib/python3.10/site-packages/multiqc_config.yaml
[2023-02-17 16:20:53,803] multiqc                                            [DEBUG  ]  No MultiQC config found: /pub39/tea/nsc006/.multiqc_config.yaml
[2023-02-17 16:20:53,803] multiqc                                            [DEBUG  ]  No MultiQC config found: multiqc_config.yaml
[2023-02-17 16:20:53,803] multiqc                                            [DEBUG  ]  Command used: /pub39/tea/nsc006/anaconda3/envs/illumina_qc/bin/multiqc -o raw_multiqc_output/r1 raw_fastqc_output/Sample_1_R1_fastqc.html raw_fastqc_output/Sample_1_R1_fastqc.zip raw_fastqc_output/Sample_2_R1_fastqc.html raw_fastqc_output/Sample_2_R1_fastqc.zip raw_fastqc_output/Sample_3_R1_fastqc.html raw_fastqc_output/Sample_3_R1_fastqc.zip raw_fastqc_output/Sample_4_R1_fastqc.html raw_fastqc_output/Sample_4_R1_fastqc.zip
[2023-02-17 16:20:54,003] multiqc                                            [WARNING]  MultiQC Version v1.14 now available!
[2023-02-17 16:20:54,003] multiqc                                            [DEBUG  ]  Command     : /pub39/tea/nsc006/anaconda3/envs/illumina_qc/bin/multiqc -o raw_multiqc_output/r1 raw_fastqc_output/Sample_1_R1_fastqc.html raw_fastqc_output/Sample_1_R1_fastqc.zip raw_fastqc_output/Sample_2_R1_fastqc.html raw_fastqc_output/Sample_2_R1_fastqc.zip raw_fastqc_output/Sample_3_R1_fastqc.html raw_fastqc_output/Sample_3_R1_fastqc.zip raw_fastqc_output/Sample_4_R1_fastqc.html raw_fastqc_output/Sample_4_R1_fastqc.zip
[2023-02-17 16:20:54,003] multiqc                                            [DEBUG  ]  Working dir : /pub39/tea/nsc006/teach_tests/QC_workshop/Illumina_QC/multiqc_example
[2023-02-17 16:20:54,003] multiqc                                            [DEBUG  ]  Template    : default
[2023-02-17 16:20:54,003] multiqc                                            [DEBUG  ]  Running Python 3.10.0 | packaged by conda-forge | (default, Oct 12 2021, 21:24:28) [GCC 9.4.0]
[2023-02-17 16:20:54,004] multiqc                                            [DEBUG  ]  Analysing modules: custom_content, ccs, ngsderive, purple, conpair, lima, peddy, somalier, methylQA, mosdepth, phantompeakqualtools, qualimap, preseq, quast, qorts, rna_seqc, rockhopper, rsem, rseqc, busco, bustools, goleft_indexcov, gffcompare, disambiguate, supernova, deeptools, sargasso, verifybamid, mirtrace, happy, mirtop, sambamba, homer, hops, macs2, theta2, snpeff, gatk, htseq, bcftools, featureCounts, fgbio, dragen, dedup, damageprofiler, biobambam2, jcvi, mtnucratio, picard, vep, sentieon, prokka, qc3C, nanostat, samblaster, samtools, sexdeterrmine, eigenstratdatabasetools, bamtools, jellyfish, vcftools, longranger, stacks, varscan2, snippy, bbmap, bismark, biscuit, hicexplorer, hicup, hicpro, salmon, kallisto, slamdunk, star, hisat2, tophat, bowtie2, bowtie1, snpsplit, odgi, pangolin, kat, leehom, adapterRemoval, clipandmerge, cutadapt, flexbar, kaiju, kraken, malt, trimmomatic, sickle, skewer, sortmerna, biobloomtools, fastq_screen, afterqc, fastp, fastqc, pychopper, pycoqc, minionqc, multivcfanalyzer, clusterflow, bcl2fastq, bclconvert, interop, ivar, flash, seqyclean, optitype
[2023-02-17 16:20:54,004] multiqc                                            [DEBUG  ]  Using temporary directory for creating report: /tmp/tmp7g10y7i1
[2023-02-17 16:20:54,142] multiqc                                            [INFO   ]  Search path : /pub39/tea/nsc006/teach_tests/QC_workshop/Illumina_QC/multiqc_example/raw_fastqc_output/Sample_1_R1_fastqc.html
[2023-02-17 16:20:54,142] multiqc                                            [INFO   ]  Search path : /pub39/tea/nsc006/teach_tests/QC_workshop/Illumina_QC/multiqc_example/raw_fastqc_output/Sample_1_R1_fastqc.zip
[2023-02-17 16:20:54,142] multiqc                                            [INFO   ]  Search path : /pub39/tea/nsc006/teach_tests/QC_workshop/Illumina_QC/multiqc_example/raw_fastqc_output/Sample_2_R1_fastqc.html
[2023-02-17 16:20:54,142] multiqc                                            [INFO   ]  Search path : /pub39/tea/nsc006/teach_tests/QC_workshop/Illumina_QC/multiqc_example/raw_fastqc_output/Sample_2_R1_fastqc.zip
[2023-02-17 16:20:54,142] multiqc                                            [INFO   ]  Search path : /pub39/tea/nsc006/teach_tests/QC_workshop/Illumina_QC/multiqc_example/raw_fastqc_output/Sample_3_R1_fastqc.html
[2023-02-17 16:20:54,142] multiqc                                            [INFO   ]  Search path : /pub39/tea/nsc006/teach_tests/QC_workshop/Illumina_QC/multiqc_example/raw_fastqc_output/Sample_3_R1_fastqc.zip
[2023-02-17 16:20:54,142] multiqc                                            [INFO   ]  Search path : /pub39/tea/nsc006/teach_tests/QC_workshop/Illumina_QC/multiqc_example/raw_fastqc_output/Sample_4_R1_fastqc.html
[2023-02-17 16:20:54,142] multiqc                                            [INFO   ]  Search path : /pub39/tea/nsc006/teach_tests/QC_workshop/Illumina_QC/multiqc_example/raw_fastqc_output/Sample_4_R1_fastqc.zip
[2023-02-17 16:20:54,196] multiqc                                            [DEBUG  ]  File ignored by ccs/v4 because it exceeded search pattern filesize limit: Sample_1_R1_fastqc.html
[2023-02-17 16:20:54,201] multiqc                                            [DEBUG  ]  File ignored by hicexplorer because it exceeded search pattern filesize limit: Sample_1_R1_fastqc.html
[2023-02-17 16:20:54,201] multiqc                                            [DEBUG  ]  File ignored by nanostat because it exceeded search pattern filesize limit: Sample_1_R1_fastqc.html
[2023-02-17 16:20:54,201] multiqc                                            [DEBUG  ]  File ignored by lima/summary because it exceeded search pattern filesize limit: Sample_1_R1_fastqc.html
[2023-02-17 16:20:54,211] multiqc                                            [DEBUG  ]  File ignored by vep/vep_txt because it exceeded search pattern filesize limit: Sample_1_R1_fastqc.html
[2023-02-17 16:20:54,211] multiqc                                            [DEBUG  ]  File ignored by longranger/invocation because it exceeded search pattern filesize limit: Sample_1_R1_fastqc.html
[2023-02-17 16:20:54,211] multiqc                                            [DEBUG  ]  File ignored by rockhopper because it exceeded search pattern filesize limit: Sample_1_R1_fastqc.html
[2023-02-17 16:20:54,211] multiqc                                            [DEBUG  ]  File ignored by rseqc/bam_stat because it exceeded search pattern filesize limit: Sample_1_R1_fastqc.html
[2023-02-17 16:20:54,212] multiqc                                            [DEBUG  ]  File ignored by rseqc/junction_annotation because it exceeded search pattern filesize limit: Sample_1_R1_fastqc.html
[2023-02-17 16:20:54,212] multiqc                                            [DEBUG  ]  File ignored by rseqc/read_distribution because it exceeded search pattern filesize limit: Sample_1_R1_fastqc.html
[2023-02-17 16:20:54,212] multiqc                                            [DEBUG  ]  File ignored by rseqc/infer_experiment because it exceeded search pattern filesize limit: Sample_1_R1_fastqc.html
[2023-02-17 16:20:54,328] multiqc                                            [DEBUG  ]  File ignored by ccs/v4 because it exceeded search pattern filesize limit: Sample_2_R1_fastqc.html
[2023-02-17 16:20:54,332] multiqc                                            [DEBUG  ]  File ignored by hicexplorer because it exceeded search pattern filesize limit: Sample_2_R1_fastqc.html
[2023-02-17 16:20:54,333] multiqc                                            [DEBUG  ]  File ignored by nanostat because it exceeded search pattern filesize limit: Sample_2_R1_fastqc.html
[2023-02-17 16:20:54,333] multiqc                                            [DEBUG  ]  File ignored by lima/summary because it exceeded search pattern filesize limit: Sample_2_R1_fastqc.html
[2023-02-17 16:20:54,340] multiqc                                            [DEBUG  ]  File ignored by vep/vep_txt because it exceeded search pattern filesize limit: Sample_2_R1_fastqc.html
[2023-02-17 16:20:54,340] multiqc                                            [DEBUG  ]  File ignored by longranger/invocation because it exceeded search pattern filesize limit: Sample_2_R1_fastqc.html
[2023-02-17 16:20:54,340] multiqc                                            [DEBUG  ]  File ignored by rockhopper because it exceeded search pattern filesize limit: Sample_2_R1_fastqc.html
[2023-02-17 16:20:54,340] multiqc                                            [DEBUG  ]  File ignored by rseqc/bam_stat because it exceeded search pattern filesize limit: Sample_2_R1_fastqc.html
[2023-02-17 16:20:54,340] multiqc                                            [DEBUG  ]  File ignored by rseqc/junction_annotation because it exceeded search pattern filesize limit: Sample_2_R1_fastqc.html
[2023-02-17 16:20:54,340] multiqc                                            [DEBUG  ]  File ignored by rseqc/read_distribution because it exceeded search pattern filesize limit: Sample_2_R1_fastqc.html
[2023-02-17 16:20:54,340] multiqc                                            [DEBUG  ]  File ignored by rseqc/infer_experiment because it exceeded search pattern filesize limit: Sample_2_R1_fastqc.html
[2023-02-17 16:20:54,454] multiqc                                            [DEBUG  ]  File ignored by ccs/v4 because it exceeded search pattern filesize limit: Sample_3_R1_fastqc.html
[2023-02-17 16:20:54,457] multiqc                                            [DEBUG  ]  File ignored by hicexplorer because it exceeded search pattern filesize limit: Sample_3_R1_fastqc.html
[2023-02-17 16:20:54,458] multiqc                                            [DEBUG  ]  File ignored by nanostat because it exceeded search pattern filesize limit: Sample_3_R1_fastqc.html
[2023-02-17 16:20:54,458] multiqc                                            [DEBUG  ]  File ignored by lima/summary because it exceeded search pattern filesize limit: Sample_3_R1_fastqc.html
[2023-02-17 16:20:54,468] multiqc                                            [DEBUG  ]  File ignored by vep/vep_txt because it exceeded search pattern filesize limit: Sample_3_R1_fastqc.html
[2023-02-17 16:20:54,468] multiqc                                            [DEBUG  ]  File ignored by longranger/invocation because it exceeded search pattern filesize limit: Sample_3_R1_fastqc.html
[2023-02-17 16:20:54,468] multiqc                                            [DEBUG  ]  File ignored by rockhopper because it exceeded search pattern filesize limit: Sample_3_R1_fastqc.html
[2023-02-17 16:20:54,468] multiqc                                            [DEBUG  ]  File ignored by rseqc/bam_stat because it exceeded search pattern filesize limit: Sample_3_R1_fastqc.html
[2023-02-17 16:20:54,468] multiqc                                            [DEBUG  ]  File ignored by rseqc/junction_annotation because it exceeded search pattern filesize limit: Sample_3_R1_fastqc.html
[2023-02-17 16:20:54,468] multiqc                                            [DEBUG  ]  File ignored by rseqc/read_distribution because it exceeded search pattern filesize limit: Sample_3_R1_fastqc.html
[2023-02-17 16:20:54,468] multiqc                                            [DEBUG  ]  File ignored by rseqc/infer_experiment because it exceeded search pattern filesize limit: Sample_3_R1_fastqc.html
[2023-02-17 16:20:54,581] multiqc                                            [DEBUG  ]  File ignored by ccs/v4 because it exceeded search pattern filesize limit: Sample_4_R1_fastqc.html
[2023-02-17 16:20:54,584] multiqc                                            [DEBUG  ]  File ignored by hicexplorer because it exceeded search pattern filesize limit: Sample_4_R1_fastqc.html
[2023-02-17 16:20:54,585] multiqc                                            [DEBUG  ]  File ignored by nanostat because it exceeded search pattern filesize limit: Sample_4_R1_fastqc.html
[2023-02-17 16:20:54,585] multiqc                                            [DEBUG  ]  File ignored by lima/summary because it exceeded search pattern filesize limit: Sample_4_R1_fastqc.html
[2023-02-17 16:20:54,592] multiqc                                            [DEBUG  ]  File ignored by vep/vep_txt because it exceeded search pattern filesize limit: Sample_4_R1_fastqc.html
[2023-02-17 16:20:54,592] multiqc                                            [DEBUG  ]  File ignored by longranger/invocation because it exceeded search pattern filesize limit: Sample_4_R1_fastqc.html
[2023-02-17 16:20:54,592] multiqc                                            [DEBUG  ]  File ignored by rockhopper because it exceeded search pattern filesize limit: Sample_4_R1_fastqc.html
[2023-02-17 16:20:54,592] multiqc                                            [DEBUG  ]  File ignored by rseqc/bam_stat because it exceeded search pattern filesize limit: Sample_4_R1_fastqc.html
[2023-02-17 16:20:54,592] multiqc                                            [DEBUG  ]  File ignored by rseqc/junction_annotation because it exceeded search pattern filesize limit: Sample_4_R1_fastqc.html
[2023-02-17 16:20:54,592] multiqc                                            [DEBUG  ]  File ignored by rseqc/read_distribution because it exceeded search pattern filesize limit: Sample_4_R1_fastqc.html
[2023-02-17 16:20:54,592] multiqc                                            [DEBUG  ]  File ignored by rseqc/infer_experiment because it exceeded search pattern filesize limit: Sample_4_R1_fastqc.html
[2023-02-17 16:20:55,252] multiqc.plots.bargraph                             [DEBUG  ]  Using matplotlib version 3.4.3
[2023-02-17 16:20:55,253] multiqc.plots.linegraph                            [DEBUG  ]  Using matplotlib version 3.4.3
[2023-02-17 16:20:55,254] multiqc                                            [DEBUG  ]  No samples found: custom_content
[2023-02-17 16:20:55,265] multiqc                                            [DEBUG  ]  No samples found: ccs
[2023-02-17 16:20:55,273] multiqc                                            [DEBUG  ]  No samples found: ngsderive
[2023-02-17 16:20:55,280] multiqc                                            [DEBUG  ]  No samples found: purple
[2023-02-17 16:20:55,287] multiqc                                            [DEBUG  ]  No samples found: conpair
[2023-02-17 16:20:55,294] multiqc                                            [DEBUG  ]  No samples found: lima
[2023-02-17 16:20:55,301] multiqc                                            [DEBUG  ]  No samples found: peddy
[2023-02-17 16:20:55,307] multiqc                                            [DEBUG  ]  No samples found: somalier
[2023-02-17 16:20:55,314] multiqc                                            [DEBUG  ]  No samples found: methylQA
[2023-02-17 16:20:55,324] multiqc.modules.mosdepth.mosdepth                  [DEBUG  ]  include_contigs: []
[2023-02-17 16:20:55,324] multiqc.modules.mosdepth.mosdepth                  [DEBUG  ]  exclude_contigs: []
[2023-02-17 16:20:55,324] multiqc                                            [DEBUG  ]  No samples found: mosdepth
[2023-02-17 16:20:55,331] multiqc                                            [DEBUG  ]  No samples found: phantompeakqualtools
[2023-02-17 16:20:55,337] multiqc                                            [DEBUG  ]  No samples found: qualimap
[2023-02-17 16:20:55,343] multiqc                                            [DEBUG  ]  No samples found: preseq
[2023-02-17 16:20:55,350] multiqc                                            [DEBUG  ]  No samples found: quast
[2023-02-17 16:20:55,357] multiqc                                            [DEBUG  ]  No samples found: qorts
[2023-02-17 16:20:55,364] multiqc                                            [DEBUG  ]  No samples found: rna_seqc
[2023-02-17 16:20:55,371] multiqc                                            [DEBUG  ]  No samples found: rockhopper
[2023-02-17 16:20:55,377] multiqc                                            [DEBUG  ]  No samples found: rsem
[2023-02-17 16:20:55,391] multiqc                                            [DEBUG  ]  No samples found: rseqc
[2023-02-17 16:20:55,397] multiqc                                            [DEBUG  ]  No samples found: busco
[2023-02-17 16:20:55,404] multiqc                                            [DEBUG  ]  No samples found: bustools
[2023-02-17 16:20:55,411] multiqc                                            [DEBUG  ]  No samples found: goleft_indexcov
[2023-02-17 16:20:55,417] multiqc                                            [DEBUG  ]  No samples found: gffcompare
[2023-02-17 16:20:55,424] multiqc                                            [DEBUG  ]  No samples found: disambiguate
[2023-02-17 16:20:55,431] multiqc                                            [DEBUG  ]  No samples found: supernova
[2023-02-17 16:20:55,444] multiqc                                            [DEBUG  ]  No samples found: deeptools
[2023-02-17 16:20:55,450] multiqc                                            [DEBUG  ]  No samples found: sargasso
[2023-02-17 16:20:55,457] multiqc                                            [DEBUG  ]  No samples found: verifybamid
[2023-02-17 16:20:55,464] multiqc                                            [DEBUG  ]  No samples found: mirtrace
[2023-02-17 16:20:55,470] multiqc                                            [DEBUG  ]  No samples found: happy
[2023-02-17 16:20:55,477] multiqc                                            [DEBUG  ]  No samples found: mirtop
[2023-02-17 16:20:55,485] multiqc                                            [DEBUG  ]  No samples found: sambamba
[2023-02-17 16:20:55,493] multiqc                                            [DEBUG  ]  No samples found: homer
[2023-02-17 16:20:55,500] multiqc                                            [DEBUG  ]  No samples found: hops
[2023-02-17 16:20:55,507] multiqc                                            [DEBUG  ]  No samples found: macs2
[2023-02-17 16:20:55,513] multiqc                                            [DEBUG  ]  No samples found: theta2
[2023-02-17 16:20:55,520] multiqc                                            [DEBUG  ]  No samples found: snpeff
[2023-02-17 16:20:55,528] multiqc                                            [DEBUG  ]  No samples found: gatk
[2023-02-17 16:20:55,535] multiqc                                            [DEBUG  ]  No samples found: htseq
[2023-02-17 16:20:55,542] multiqc                                            [DEBUG  ]  No samples found: bcftools
[2023-02-17 16:20:55,550] multiqc                                            [DEBUG  ]  No samples found: featureCounts
[2023-02-17 16:20:55,561] multiqc                                            [DEBUG  ]  No samples found: fgbio
[2023-02-17 16:20:55,574] multiqc                                            [DEBUG  ]  No samples found: dragen
[2023-02-17 16:20:55,581] multiqc                                            [DEBUG  ]  No samples found: dedup
[2023-02-17 16:20:55,587] multiqc                                            [DEBUG  ]  No samples found: damageprofiler
[2023-02-17 16:20:55,611] multiqc                                            [DEBUG  ]  No samples found: biobambam2
[2023-02-17 16:20:55,617] multiqc                                            [DEBUG  ]  No samples found: jcvi
[2023-02-17 16:20:55,624] multiqc                                            [DEBUG  ]  No samples found: mtnucratio
[2023-02-17 16:20:55,629] multiqc                                            [DEBUG  ]  No samples found: picard
[2023-02-17 16:20:55,636] multiqc                                            [DEBUG  ]  No samples found: vep
[2023-02-17 16:20:55,644] multiqc                                            [DEBUG  ]  No samples found: sentieon
[2023-02-17 16:20:55,651] multiqc                                            [DEBUG  ]  No samples found: prokka
[2023-02-17 16:20:55,658] multiqc                                            [DEBUG  ]  No samples found: qc3C
[2023-02-17 16:20:55,665] multiqc                                            [DEBUG  ]  No samples found: nanostat
[2023-02-17 16:20:55,672] multiqc                                            [DEBUG  ]  No samples found: samblaster
[2023-02-17 16:20:55,681] multiqc                                            [DEBUG  ]  No samples found: samtools
[2023-02-17 16:20:55,688] multiqc                                            [DEBUG  ]  No samples found: sexdeterrmine
[2023-02-17 16:20:55,698] multiqc                                            [DEBUG  ]  No samples found: eigenstratdatabasetools
[2023-02-17 16:20:55,706] multiqc                                            [DEBUG  ]  No samples found: bamtools
[2023-02-17 16:20:55,712] multiqc                                            [DEBUG  ]  No samples found: jellyfish
[2023-02-17 16:20:55,721] multiqc                                            [DEBUG  ]  No samples found: vcftools
[2023-02-17 16:20:55,728] multiqc                                            [DEBUG  ]  No samples found: longranger
[2023-02-17 16:20:55,735] multiqc                                            [DEBUG  ]  No samples found: stacks
[2023-02-17 16:20:55,742] multiqc                                            [DEBUG  ]  No samples found: varscan2
[2023-02-17 16:20:55,748] multiqc                                            [DEBUG  ]  No samples found: snippy
[2023-02-17 16:20:55,762] multiqc                                            [DEBUG  ]  No samples found: bbmap
[2023-02-17 16:20:55,769] multiqc                                            [DEBUG  ]  No samples found: bismark
[2023-02-17 16:20:55,776] multiqc                                            [DEBUG  ]  No samples found: biscuit
[2023-02-17 16:20:55,783] multiqc                                            [DEBUG  ]  No samples found: hicexplorer
[2023-02-17 16:20:55,790] multiqc                                            [DEBUG  ]  No samples found: hicup
[2023-02-17 16:20:55,797] multiqc                                            [DEBUG  ]  No samples found: hicpro
[2023-02-17 16:20:55,803] multiqc                                            [DEBUG  ]  No samples found: salmon
[2023-02-17 16:20:55,810] multiqc                                            [DEBUG  ]  No samples found: kallisto
[2023-02-17 16:20:55,817] multiqc                                            [DEBUG  ]  No samples found: slamdunk
[2023-02-17 16:20:55,824] multiqc                                            [DEBUG  ]  No samples found: star
[2023-02-17 16:20:55,831] multiqc                                            [DEBUG  ]  No samples found: hisat2
[2023-02-17 16:20:55,837] multiqc                                            [DEBUG  ]  No samples found: tophat
[2023-02-17 16:20:55,844] multiqc                                            [DEBUG  ]  No samples found: bowtie2
[2023-02-17 16:20:55,851] multiqc                                            [DEBUG  ]  No samples found: bowtie1
[2023-02-17 16:20:55,859] multiqc                                            [DEBUG  ]  No samples found: snpsplit
[2023-02-17 16:20:55,866] multiqc                                            [DEBUG  ]  No samples found: odgi
[2023-02-17 16:20:55,873] multiqc                                            [DEBUG  ]  No samples found: pangolin
[2023-02-17 16:20:55,879] multiqc                                            [DEBUG  ]  No samples found: kat
[2023-02-17 16:20:55,886] multiqc                                            [DEBUG  ]  No samples found: leehom
[2023-02-17 16:20:55,893] multiqc                                            [DEBUG  ]  No samples found: adapterRemoval
[2023-02-17 16:20:55,900] multiqc                                            [DEBUG  ]  No samples found: clipandmerge
[2023-02-17 16:20:55,907] multiqc                                            [DEBUG  ]  No samples found: cutadapt
[2023-02-17 16:20:55,914] multiqc                                            [DEBUG  ]  No samples found: flexbar
[2023-02-17 16:20:55,920] multiqc                                            [DEBUG  ]  No samples found: kaiju
[2023-02-17 16:20:55,927] multiqc                                            [DEBUG  ]  No samples found: kraken
[2023-02-17 16:20:55,934] multiqc                                            [DEBUG  ]  No samples found: malt
[2023-02-17 16:20:55,941] multiqc                                            [DEBUG  ]  No samples found: trimmomatic
[2023-02-17 16:20:55,947] multiqc                                            [DEBUG  ]  No samples found: sickle
[2023-02-17 16:20:55,954] multiqc                                            [DEBUG  ]  No samples found: skewer
[2023-02-17 16:20:55,961] multiqc                                            [DEBUG  ]  No samples found: sortmerna
[2023-02-17 16:20:55,967] multiqc                                            [DEBUG  ]  No samples found: biobloomtools
[2023-02-17 16:20:55,974] multiqc                                            [DEBUG  ]  No samples found: fastq_screen
[2023-02-17 16:20:55,981] multiqc                                            [DEBUG  ]  No samples found: afterqc
[2023-02-17 16:20:55,988] multiqc                                            [DEBUG  ]  No samples found: fastp
[2023-02-17 16:20:56,009] multiqc.modules.fastqc.fastqc                      [INFO   ]  Found 4 reports
[2023-02-17 16:20:56,145] multiqc                                            [DEBUG  ]  No samples found: pychopper
[2023-02-17 16:20:56,152] multiqc                                            [DEBUG  ]  No samples found: pycoqc
[2023-02-17 16:20:56,159] multiqc                                            [DEBUG  ]  No samples found: minionqc
[2023-02-17 16:20:56,166] multiqc                                            [DEBUG  ]  No samples found: multivcfanalyzer
[2023-02-17 16:20:56,173] multiqc                                            [DEBUG  ]  No samples found: clusterflow
[2023-02-17 16:20:56,180] multiqc                                            [DEBUG  ]  No samples found: bcl2fastq
[2023-02-17 16:20:56,187] multiqc                                            [DEBUG  ]  No samples found: bclconvert
[2023-02-17 16:20:56,195] multiqc                                            [DEBUG  ]  No samples found: interop
[2023-02-17 16:20:56,201] multiqc                                            [DEBUG  ]  No samples found: ivar
[2023-02-17 16:20:56,208] multiqc                                            [DEBUG  ]  No samples found: flash
[2023-02-17 16:20:56,217] multiqc                                            [DEBUG  ]  No samples found: seqyclean
[2023-02-17 16:20:56,224] multiqc                                            [DEBUG  ]  No samples found: optitype
[2023-02-17 16:20:56,233] multiqc                                            [INFO   ]  Compressing plot data
[2023-02-17 16:20:56,298] multiqc                                            [INFO   ]  Report      : raw_multiqc_output/r1/multiqc_report.html
[2023-02-17 16:20:56,298] multiqc                                            [INFO   ]  Data        : raw_multiqc_output/r1/multiqc_data
[2023-02-17 16:20:56,299] multiqc                                            [DEBUG  ]  Moving data file from '/tmp/tmp7g10y7i1/multiqc_data' to 'raw_multiqc_output/r1/multiqc_data'
[2023-02-17 16:20:56,464] multiqc                                            [INFO   ]  MultiQC complete
