[2023-02-17 16:23:11,211] multiqc                                            [DEBUG  ]  This is MultiQC v1.11
[2023-02-17 16:23:11,211] multiqc                                            [DEBUG  ]  No MultiQC config found: /pub39/tea/nsc006/anaconda3/envs/illumina_qc/lib/python3.10/site-packages/multiqc_config.yaml
[2023-02-17 16:23:11,211] multiqc                                            [DEBUG  ]  No MultiQC config found: /pub39/tea/nsc006/.multiqc_config.yaml
[2023-02-17 16:23:11,211] multiqc                                            [DEBUG  ]  No MultiQC config found: multiqc_config.yaml
[2023-02-17 16:23:11,211] multiqc                                            [DEBUG  ]  Command used: /pub39/tea/nsc006/anaconda3/envs/illumina_qc/bin/multiqc -o trimmomatic_multiqc_output/r1 trimmomatic_fastqc_output/Sample_1_1P_fastqc.html trimmomatic_fastqc_output/Sample_1_1P_fastqc.zip trimmomatic_fastqc_output/Sample_2_1P_fastqc.html trimmomatic_fastqc_output/Sample_2_1P_fastqc.zip trimmomatic_fastqc_output/Sample_3_1P_fastqc.html trimmomatic_fastqc_output/Sample_3_1P_fastqc.zip trimmomatic_fastqc_output/Sample_4_1P_fastqc.html trimmomatic_fastqc_output/Sample_4_1P_fastqc.zip
[2023-02-17 16:23:11,338] multiqc                                            [WARNING]  MultiQC Version v1.14 now available!
[2023-02-17 16:23:11,339] multiqc                                            [DEBUG  ]  Command     : /pub39/tea/nsc006/anaconda3/envs/illumina_qc/bin/multiqc -o trimmomatic_multiqc_output/r1 trimmomatic_fastqc_output/Sample_1_1P_fastqc.html trimmomatic_fastqc_output/Sample_1_1P_fastqc.zip trimmomatic_fastqc_output/Sample_2_1P_fastqc.html trimmomatic_fastqc_output/Sample_2_1P_fastqc.zip trimmomatic_fastqc_output/Sample_3_1P_fastqc.html trimmomatic_fastqc_output/Sample_3_1P_fastqc.zip trimmomatic_fastqc_output/Sample_4_1P_fastqc.html trimmomatic_fastqc_output/Sample_4_1P_fastqc.zip
[2023-02-17 16:23:11,339] multiqc                                            [DEBUG  ]  Working dir : /pub39/tea/nsc006/teach_tests/QC_workshop/Illumina_QC/multiqc_example
[2023-02-17 16:23:11,339] multiqc                                            [DEBUG  ]  Template    : default
[2023-02-17 16:23:11,339] multiqc                                            [DEBUG  ]  Running Python 3.10.0 | packaged by conda-forge | (default, Oct 12 2021, 21:24:28) [GCC 9.4.0]
[2023-02-17 16:23:11,339] multiqc                                            [DEBUG  ]  Analysing modules: custom_content, ccs, ngsderive, purple, conpair, lima, peddy, somalier, methylQA, mosdepth, phantompeakqualtools, qualimap, preseq, quast, qorts, rna_seqc, rockhopper, rsem, rseqc, busco, bustools, goleft_indexcov, gffcompare, disambiguate, supernova, deeptools, sargasso, verifybamid, mirtrace, happy, mirtop, sambamba, homer, hops, macs2, theta2, snpeff, gatk, htseq, bcftools, featureCounts, fgbio, dragen, dedup, damageprofiler, biobambam2, jcvi, mtnucratio, picard, vep, sentieon, prokka, qc3C, nanostat, samblaster, samtools, sexdeterrmine, eigenstratdatabasetools, bamtools, jellyfish, vcftools, longranger, stacks, varscan2, snippy, bbmap, bismark, biscuit, hicexplorer, hicup, hicpro, salmon, kallisto, slamdunk, star, hisat2, tophat, bowtie2, bowtie1, snpsplit, odgi, pangolin, kat, leehom, adapterRemoval, clipandmerge, cutadapt, flexbar, kaiju, kraken, malt, trimmomatic, sickle, skewer, sortmerna, biobloomtools, fastq_screen, afterqc, fastp, fastqc, pychopper, pycoqc, minionqc, multivcfanalyzer, clusterflow, bcl2fastq, bclconvert, interop, ivar, flash, seqyclean, optitype
[2023-02-17 16:23:11,339] multiqc                                            [DEBUG  ]  Using temporary directory for creating report: /tmp/tmp455mc34m
[2023-02-17 16:23:11,460] multiqc                                            [INFO   ]  Search path : /pub39/tea/nsc006/teach_tests/QC_workshop/Illumina_QC/multiqc_example/trimmomatic_fastqc_output/Sample_1_1P_fastqc.html
[2023-02-17 16:23:11,460] multiqc                                            [INFO   ]  Search path : /pub39/tea/nsc006/teach_tests/QC_workshop/Illumina_QC/multiqc_example/trimmomatic_fastqc_output/Sample_1_1P_fastqc.zip
[2023-02-17 16:23:11,460] multiqc                                            [INFO   ]  Search path : /pub39/tea/nsc006/teach_tests/QC_workshop/Illumina_QC/multiqc_example/trimmomatic_fastqc_output/Sample_2_1P_fastqc.html
[2023-02-17 16:23:11,460] multiqc                                            [INFO   ]  Search path : /pub39/tea/nsc006/teach_tests/QC_workshop/Illumina_QC/multiqc_example/trimmomatic_fastqc_output/Sample_2_1P_fastqc.zip
[2023-02-17 16:23:11,460] multiqc                                            [INFO   ]  Search path : /pub39/tea/nsc006/teach_tests/QC_workshop/Illumina_QC/multiqc_example/trimmomatic_fastqc_output/Sample_3_1P_fastqc.html
[2023-02-17 16:23:11,460] multiqc                                            [INFO   ]  Search path : /pub39/tea/nsc006/teach_tests/QC_workshop/Illumina_QC/multiqc_example/trimmomatic_fastqc_output/Sample_3_1P_fastqc.zip
[2023-02-17 16:23:11,460] multiqc                                            [INFO   ]  Search path : /pub39/tea/nsc006/teach_tests/QC_workshop/Illumina_QC/multiqc_example/trimmomatic_fastqc_output/Sample_4_1P_fastqc.html
[2023-02-17 16:23:11,460] multiqc                                            [INFO   ]  Search path : /pub39/tea/nsc006/teach_tests/QC_workshop/Illumina_QC/multiqc_example/trimmomatic_fastqc_output/Sample_4_1P_fastqc.zip
[2023-02-17 16:23:11,511] multiqc                                            [DEBUG  ]  File ignored by ccs/v4 because it exceeded search pattern filesize limit: Sample_1_1P_fastqc.html
[2023-02-17 16:23:11,515] multiqc                                            [DEBUG  ]  File ignored by hicexplorer because it exceeded search pattern filesize limit: Sample_1_1P_fastqc.html
[2023-02-17 16:23:11,516] multiqc                                            [DEBUG  ]  File ignored by nanostat because it exceeded search pattern filesize limit: Sample_1_1P_fastqc.html
[2023-02-17 16:23:11,516] multiqc                                            [DEBUG  ]  File ignored by lima/summary because it exceeded search pattern filesize limit: Sample_1_1P_fastqc.html
[2023-02-17 16:23:11,525] multiqc                                            [DEBUG  ]  File ignored by vep/vep_txt because it exceeded search pattern filesize limit: Sample_1_1P_fastqc.html
[2023-02-17 16:23:11,525] multiqc                                            [DEBUG  ]  File ignored by longranger/invocation because it exceeded search pattern filesize limit: Sample_1_1P_fastqc.html
[2023-02-17 16:23:11,525] multiqc                                            [DEBUG  ]  File ignored by rockhopper because it exceeded search pattern filesize limit: Sample_1_1P_fastqc.html
[2023-02-17 16:23:11,525] multiqc                                            [DEBUG  ]  File ignored by rseqc/bam_stat because it exceeded search pattern filesize limit: Sample_1_1P_fastqc.html
[2023-02-17 16:23:11,525] multiqc                                            [DEBUG  ]  File ignored by rseqc/junction_annotation because it exceeded search pattern filesize limit: Sample_1_1P_fastqc.html
[2023-02-17 16:23:11,526] multiqc                                            [DEBUG  ]  File ignored by rseqc/read_distribution because it exceeded search pattern filesize limit: Sample_1_1P_fastqc.html
[2023-02-17 16:23:11,526] multiqc                                            [DEBUG  ]  File ignored by rseqc/infer_experiment because it exceeded search pattern filesize limit: Sample_1_1P_fastqc.html
[2023-02-17 16:23:11,645] multiqc                                            [DEBUG  ]  File ignored by ccs/v4 because it exceeded search pattern filesize limit: Sample_2_1P_fastqc.html
[2023-02-17 16:23:11,648] multiqc                                            [DEBUG  ]  File ignored by hicexplorer because it exceeded search pattern filesize limit: Sample_2_1P_fastqc.html
[2023-02-17 16:23:11,649] multiqc                                            [DEBUG  ]  File ignored by nanostat because it exceeded search pattern filesize limit: Sample_2_1P_fastqc.html
[2023-02-17 16:23:11,649] multiqc                                            [DEBUG  ]  File ignored by lima/summary because it exceeded search pattern filesize limit: Sample_2_1P_fastqc.html
[2023-02-17 16:23:11,656] multiqc                                            [DEBUG  ]  File ignored by vep/vep_txt because it exceeded search pattern filesize limit: Sample_2_1P_fastqc.html
[2023-02-17 16:23:11,656] multiqc                                            [DEBUG  ]  File ignored by longranger/invocation because it exceeded search pattern filesize limit: Sample_2_1P_fastqc.html
[2023-02-17 16:23:11,656] multiqc                                            [DEBUG  ]  File ignored by rockhopper because it exceeded search pattern filesize limit: Sample_2_1P_fastqc.html
[2023-02-17 16:23:11,656] multiqc                                            [DEBUG  ]  File ignored by rseqc/bam_stat because it exceeded search pattern filesize limit: Sample_2_1P_fastqc.html
[2023-02-17 16:23:11,656] multiqc                                            [DEBUG  ]  File ignored by rseqc/junction_annotation because it exceeded search pattern filesize limit: Sample_2_1P_fastqc.html
[2023-02-17 16:23:11,656] multiqc                                            [DEBUG  ]  File ignored by rseqc/read_distribution because it exceeded search pattern filesize limit: Sample_2_1P_fastqc.html
[2023-02-17 16:23:11,656] multiqc                                            [DEBUG  ]  File ignored by rseqc/infer_experiment because it exceeded search pattern filesize limit: Sample_2_1P_fastqc.html
[2023-02-17 16:23:11,772] multiqc                                            [DEBUG  ]  File ignored by ccs/v4 because it exceeded search pattern filesize limit: Sample_3_1P_fastqc.html
[2023-02-17 16:23:11,776] multiqc                                            [DEBUG  ]  File ignored by hicexplorer because it exceeded search pattern filesize limit: Sample_3_1P_fastqc.html
[2023-02-17 16:23:11,776] multiqc                                            [DEBUG  ]  File ignored by nanostat because it exceeded search pattern filesize limit: Sample_3_1P_fastqc.html
[2023-02-17 16:23:11,776] multiqc                                            [DEBUG  ]  File ignored by lima/summary because it exceeded search pattern filesize limit: Sample_3_1P_fastqc.html
[2023-02-17 16:23:11,786] multiqc                                            [DEBUG  ]  File ignored by vep/vep_txt because it exceeded search pattern filesize limit: Sample_3_1P_fastqc.html
[2023-02-17 16:23:11,786] multiqc                                            [DEBUG  ]  File ignored by longranger/invocation because it exceeded search pattern filesize limit: Sample_3_1P_fastqc.html
[2023-02-17 16:23:11,787] multiqc                                            [DEBUG  ]  File ignored by rockhopper because it exceeded search pattern filesize limit: Sample_3_1P_fastqc.html
[2023-02-17 16:23:11,787] multiqc                                            [DEBUG  ]  File ignored by rseqc/bam_stat because it exceeded search pattern filesize limit: Sample_3_1P_fastqc.html
[2023-02-17 16:23:11,787] multiqc                                            [DEBUG  ]  File ignored by rseqc/junction_annotation because it exceeded search pattern filesize limit: Sample_3_1P_fastqc.html
[2023-02-17 16:23:11,787] multiqc                                            [DEBUG  ]  File ignored by rseqc/read_distribution because it exceeded search pattern filesize limit: Sample_3_1P_fastqc.html
[2023-02-17 16:23:11,787] multiqc                                            [DEBUG  ]  File ignored by rseqc/infer_experiment because it exceeded search pattern filesize limit: Sample_3_1P_fastqc.html
[2023-02-17 16:23:11,903] multiqc                                            [DEBUG  ]  File ignored by ccs/v4 because it exceeded search pattern filesize limit: Sample_4_1P_fastqc.html
[2023-02-17 16:23:11,907] multiqc                                            [DEBUG  ]  File ignored by hicexplorer because it exceeded search pattern filesize limit: Sample_4_1P_fastqc.html
[2023-02-17 16:23:11,908] multiqc                                            [DEBUG  ]  File ignored by nanostat because it exceeded search pattern filesize limit: Sample_4_1P_fastqc.html
[2023-02-17 16:23:11,908] multiqc                                            [DEBUG  ]  File ignored by lima/summary because it exceeded search pattern filesize limit: Sample_4_1P_fastqc.html
[2023-02-17 16:23:11,915] multiqc                                            [DEBUG  ]  File ignored by vep/vep_txt because it exceeded search pattern filesize limit: Sample_4_1P_fastqc.html
[2023-02-17 16:23:11,915] multiqc                                            [DEBUG  ]  File ignored by longranger/invocation because it exceeded search pattern filesize limit: Sample_4_1P_fastqc.html
[2023-02-17 16:23:11,915] multiqc                                            [DEBUG  ]  File ignored by rockhopper because it exceeded search pattern filesize limit: Sample_4_1P_fastqc.html
[2023-02-17 16:23:11,915] multiqc                                            [DEBUG  ]  File ignored by rseqc/bam_stat because it exceeded search pattern filesize limit: Sample_4_1P_fastqc.html
[2023-02-17 16:23:11,915] multiqc                                            [DEBUG  ]  File ignored by rseqc/junction_annotation because it exceeded search pattern filesize limit: Sample_4_1P_fastqc.html
[2023-02-17 16:23:11,915] multiqc                                            [DEBUG  ]  File ignored by rseqc/read_distribution because it exceeded search pattern filesize limit: Sample_4_1P_fastqc.html
[2023-02-17 16:23:11,915] multiqc                                            [DEBUG  ]  File ignored by rseqc/infer_experiment because it exceeded search pattern filesize limit: Sample_4_1P_fastqc.html
[2023-02-17 16:23:12,495] multiqc.plots.bargraph                             [DEBUG  ]  Using matplotlib version 3.4.3
[2023-02-17 16:23:12,496] multiqc.plots.linegraph                            [DEBUG  ]  Using matplotlib version 3.4.3
[2023-02-17 16:23:12,497] multiqc                                            [DEBUG  ]  No samples found: custom_content
[2023-02-17 16:23:12,504] multiqc                                            [DEBUG  ]  No samples found: ccs
[2023-02-17 16:23:12,511] multiqc                                            [DEBUG  ]  No samples found: ngsderive
[2023-02-17 16:23:12,517] multiqc                                            [DEBUG  ]  No samples found: purple
[2023-02-17 16:23:12,524] multiqc                                            [DEBUG  ]  No samples found: conpair
[2023-02-17 16:23:12,530] multiqc                                            [DEBUG  ]  No samples found: lima
[2023-02-17 16:23:12,536] multiqc                                            [DEBUG  ]  No samples found: peddy
[2023-02-17 16:23:12,543] multiqc                                            [DEBUG  ]  No samples found: somalier
[2023-02-17 16:23:12,549] multiqc                                            [DEBUG  ]  No samples found: methylQA
[2023-02-17 16:23:12,558] multiqc.modules.mosdepth.mosdepth                  [DEBUG  ]  include_contigs: []
[2023-02-17 16:23:12,558] multiqc.modules.mosdepth.mosdepth                  [DEBUG  ]  exclude_contigs: []
[2023-02-17 16:23:12,558] multiqc                                            [DEBUG  ]  No samples found: mosdepth
[2023-02-17 16:23:12,564] multiqc                                            [DEBUG  ]  No samples found: phantompeakqualtools
[2023-02-17 16:23:12,570] multiqc                                            [DEBUG  ]  No samples found: qualimap
[2023-02-17 16:23:12,576] multiqc                                            [DEBUG  ]  No samples found: preseq
[2023-02-17 16:23:12,583] multiqc                                            [DEBUG  ]  No samples found: quast
[2023-02-17 16:23:12,589] multiqc                                            [DEBUG  ]  No samples found: qorts
[2023-02-17 16:23:12,596] multiqc                                            [DEBUG  ]  No samples found: rna_seqc
[2023-02-17 16:23:12,602] multiqc                                            [DEBUG  ]  No samples found: rockhopper
[2023-02-17 16:23:12,608] multiqc                                            [DEBUG  ]  No samples found: rsem
[2023-02-17 16:23:12,621] multiqc                                            [DEBUG  ]  No samples found: rseqc
[2023-02-17 16:23:12,627] multiqc                                            [DEBUG  ]  No samples found: busco
[2023-02-17 16:23:12,634] multiqc                                            [DEBUG  ]  No samples found: bustools
[2023-02-17 16:23:12,640] multiqc                                            [DEBUG  ]  No samples found: goleft_indexcov
[2023-02-17 16:23:12,646] multiqc                                            [DEBUG  ]  No samples found: gffcompare
[2023-02-17 16:23:12,653] multiqc                                            [DEBUG  ]  No samples found: disambiguate
[2023-02-17 16:23:12,659] multiqc                                            [DEBUG  ]  No samples found: supernova
[2023-02-17 16:23:12,671] multiqc                                            [DEBUG  ]  No samples found: deeptools
[2023-02-17 16:23:12,677] multiqc                                            [DEBUG  ]  No samples found: sargasso
[2023-02-17 16:23:12,684] multiqc                                            [DEBUG  ]  No samples found: verifybamid
[2023-02-17 16:23:12,690] multiqc                                            [DEBUG  ]  No samples found: mirtrace
[2023-02-17 16:23:12,696] multiqc                                            [DEBUG  ]  No samples found: happy
[2023-02-17 16:23:12,703] multiqc                                            [DEBUG  ]  No samples found: mirtop
[2023-02-17 16:23:12,710] multiqc                                            [DEBUG  ]  No samples found: sambamba
[2023-02-17 16:23:12,717] multiqc                                            [DEBUG  ]  No samples found: homer
[2023-02-17 16:23:12,723] multiqc                                            [DEBUG  ]  No samples found: hops
[2023-02-17 16:23:12,729] multiqc                                            [DEBUG  ]  No samples found: macs2
[2023-02-17 16:23:12,736] multiqc                                            [DEBUG  ]  No samples found: theta2
[2023-02-17 16:23:12,742] multiqc                                            [DEBUG  ]  No samples found: snpeff
[2023-02-17 16:23:12,750] multiqc                                            [DEBUG  ]  No samples found: gatk
[2023-02-17 16:23:12,756] multiqc                                            [DEBUG  ]  No samples found: htseq
[2023-02-17 16:23:12,763] multiqc                                            [DEBUG  ]  No samples found: bcftools
[2023-02-17 16:23:12,770] multiqc                                            [DEBUG  ]  No samples found: featureCounts
[2023-02-17 16:23:12,779] multiqc                                            [DEBUG  ]  No samples found: fgbio
[2023-02-17 16:23:12,792] multiqc                                            [DEBUG  ]  No samples found: dragen
[2023-02-17 16:23:12,798] multiqc                                            [DEBUG  ]  No samples found: dedup
[2023-02-17 16:23:12,805] multiqc                                            [DEBUG  ]  No samples found: damageprofiler
[2023-02-17 16:23:12,827] multiqc                                            [DEBUG  ]  No samples found: biobambam2
[2023-02-17 16:23:12,833] multiqc                                            [DEBUG  ]  No samples found: jcvi
[2023-02-17 16:23:12,839] multiqc                                            [DEBUG  ]  No samples found: mtnucratio
[2023-02-17 16:23:12,844] multiqc                                            [DEBUG  ]  No samples found: picard
[2023-02-17 16:23:12,850] multiqc                                            [DEBUG  ]  No samples found: vep
[2023-02-17 16:23:12,859] multiqc                                            [DEBUG  ]  No samples found: sentieon
[2023-02-17 16:23:12,865] multiqc                                            [DEBUG  ]  No samples found: prokka
[2023-02-17 16:23:12,871] multiqc                                            [DEBUG  ]  No samples found: qc3C
[2023-02-17 16:23:12,878] multiqc                                            [DEBUG  ]  No samples found: nanostat
[2023-02-17 16:23:12,884] multiqc                                            [DEBUG  ]  No samples found: samblaster
[2023-02-17 16:23:12,893] multiqc                                            [DEBUG  ]  No samples found: samtools
[2023-02-17 16:23:12,899] multiqc                                            [DEBUG  ]  No samples found: sexdeterrmine
[2023-02-17 16:23:12,906] multiqc                                            [DEBUG  ]  No samples found: eigenstratdatabasetools
[2023-02-17 16:23:12,912] multiqc                                            [DEBUG  ]  No samples found: bamtools
[2023-02-17 16:23:12,919] multiqc                                            [DEBUG  ]  No samples found: jellyfish
[2023-02-17 16:23:12,927] multiqc                                            [DEBUG  ]  No samples found: vcftools
[2023-02-17 16:23:12,934] multiqc                                            [DEBUG  ]  No samples found: longranger
[2023-02-17 16:23:12,940] multiqc                                            [DEBUG  ]  No samples found: stacks
[2023-02-17 16:23:12,946] multiqc                                            [DEBUG  ]  No samples found: varscan2
[2023-02-17 16:23:12,953] multiqc                                            [DEBUG  ]  No samples found: snippy
[2023-02-17 16:23:12,966] multiqc                                            [DEBUG  ]  No samples found: bbmap
[2023-02-17 16:23:12,972] multiqc                                            [DEBUG  ]  No samples found: bismark
[2023-02-17 16:23:12,979] multiqc                                            [DEBUG  ]  No samples found: biscuit
[2023-02-17 16:23:12,985] multiqc                                            [DEBUG  ]  No samples found: hicexplorer
[2023-02-17 16:23:12,992] multiqc                                            [DEBUG  ]  No samples found: hicup
[2023-02-17 16:23:12,998] multiqc                                            [DEBUG  ]  No samples found: hicpro
[2023-02-17 16:23:13,006] multiqc                                            [DEBUG  ]  No samples found: salmon
[2023-02-17 16:23:13,012] multiqc                                            [DEBUG  ]  No samples found: kallisto
[2023-02-17 16:23:13,019] multiqc                                            [DEBUG  ]  No samples found: slamdunk
[2023-02-17 16:23:13,025] multiqc                                            [DEBUG  ]  No samples found: star
[2023-02-17 16:23:13,032] multiqc                                            [DEBUG  ]  No samples found: hisat2
[2023-02-17 16:23:13,038] multiqc                                            [DEBUG  ]  No samples found: tophat
[2023-02-17 16:23:13,044] multiqc                                            [DEBUG  ]  No samples found: bowtie2
[2023-02-17 16:23:13,051] multiqc                                            [DEBUG  ]  No samples found: bowtie1
[2023-02-17 16:23:13,057] multiqc                                            [DEBUG  ]  No samples found: snpsplit
[2023-02-17 16:23:13,063] multiqc                                            [DEBUG  ]  No samples found: odgi
[2023-02-17 16:23:13,070] multiqc                                            [DEBUG  ]  No samples found: pangolin
[2023-02-17 16:23:13,076] multiqc                                            [DEBUG  ]  No samples found: kat
[2023-02-17 16:23:13,082] multiqc                                            [DEBUG  ]  No samples found: leehom
[2023-02-17 16:23:13,089] multiqc                                            [DEBUG  ]  No samples found: adapterRemoval
[2023-02-17 16:23:13,095] multiqc                                            [DEBUG  ]  No samples found: clipandmerge
[2023-02-17 16:23:13,101] multiqc                                            [DEBUG  ]  No samples found: cutadapt
[2023-02-17 16:23:13,108] multiqc                                            [DEBUG  ]  No samples found: flexbar
[2023-02-17 16:23:13,114] multiqc                                            [DEBUG  ]  No samples found: kaiju
[2023-02-17 16:23:13,120] multiqc                                            [DEBUG  ]  No samples found: kraken
[2023-02-17 16:23:13,127] multiqc                                            [DEBUG  ]  No samples found: malt
[2023-02-17 16:23:13,133] multiqc                                            [DEBUG  ]  No samples found: trimmomatic
[2023-02-17 16:23:13,139] multiqc                                            [DEBUG  ]  No samples found: sickle
[2023-02-17 16:23:13,146] multiqc                                            [DEBUG  ]  No samples found: skewer
[2023-02-17 16:23:13,152] multiqc                                            [DEBUG  ]  No samples found: sortmerna
[2023-02-17 16:23:13,158] multiqc                                            [DEBUG  ]  No samples found: biobloomtools
[2023-02-17 16:23:13,165] multiqc                                            [DEBUG  ]  No samples found: fastq_screen
[2023-02-17 16:23:13,171] multiqc                                            [DEBUG  ]  No samples found: afterqc
[2023-02-17 16:23:13,177] multiqc                                            [DEBUG  ]  No samples found: fastp
[2023-02-17 16:23:13,196] multiqc.modules.fastqc.fastqc                      [INFO   ]  Found 4 reports
[2023-02-17 16:23:13,315] multiqc                                            [DEBUG  ]  No samples found: pychopper
[2023-02-17 16:23:13,322] multiqc                                            [DEBUG  ]  No samples found: pycoqc
[2023-02-17 16:23:13,328] multiqc                                            [DEBUG  ]  No samples found: minionqc
[2023-02-17 16:23:13,334] multiqc                                            [DEBUG  ]  No samples found: multivcfanalyzer
[2023-02-17 16:23:13,341] multiqc                                            [DEBUG  ]  No samples found: clusterflow
[2023-02-17 16:23:13,347] multiqc                                            [DEBUG  ]  No samples found: bcl2fastq
[2023-02-17 16:23:13,354] multiqc                                            [DEBUG  ]  No samples found: bclconvert
[2023-02-17 16:23:13,360] multiqc                                            [DEBUG  ]  No samples found: interop
[2023-02-17 16:23:13,366] multiqc                                            [DEBUG  ]  No samples found: ivar
[2023-02-17 16:23:13,373] multiqc                                            [DEBUG  ]  No samples found: flash
[2023-02-17 16:23:13,379] multiqc                                            [DEBUG  ]  No samples found: seqyclean
[2023-02-17 16:23:13,386] multiqc                                            [DEBUG  ]  No samples found: optitype
[2023-02-17 16:23:13,395] multiqc                                            [INFO   ]  Compressing plot data
[2023-02-17 16:23:13,467] multiqc                                            [INFO   ]  Report      : trimmomatic_multiqc_output/r1/multiqc_report.html
[2023-02-17 16:23:13,467] multiqc                                            [INFO   ]  Data        : trimmomatic_multiqc_output/r1/multiqc_data
[2023-02-17 16:23:13,468] multiqc                                            [DEBUG  ]  Moving data file from '/tmp/tmp455mc34m/multiqc_data' to 'trimmomatic_multiqc_output/r1/multiqc_data'
[2023-02-17 16:23:13,632] multiqc                                            [INFO   ]  MultiQC complete
