[2023-02-17 16:21:03,286] multiqc                                            [DEBUG  ]  This is MultiQC v1.11
[2023-02-17 16:21:03,286] multiqc                                            [DEBUG  ]  No MultiQC config found: /pub39/tea/nsc006/anaconda3/envs/illumina_qc/lib/python3.10/site-packages/multiqc_config.yaml
[2023-02-17 16:21:03,286] multiqc                                            [DEBUG  ]  No MultiQC config found: /pub39/tea/nsc006/.multiqc_config.yaml
[2023-02-17 16:21:03,286] multiqc                                            [DEBUG  ]  No MultiQC config found: multiqc_config.yaml
[2023-02-17 16:21:03,286] multiqc                                            [DEBUG  ]  Command used: /pub39/tea/nsc006/anaconda3/envs/illumina_qc/bin/multiqc -o raw_multiqc_output/r2 raw_fastqc_output/Sample_1_R2_fastqc.html raw_fastqc_output/Sample_1_R2_fastqc.zip raw_fastqc_output/Sample_2_R2_fastqc.html raw_fastqc_output/Sample_2_R2_fastqc.zip raw_fastqc_output/Sample_3_R2_fastqc.html raw_fastqc_output/Sample_3_R2_fastqc.zip raw_fastqc_output/Sample_4_R2_fastqc.html raw_fastqc_output/Sample_4_R2_fastqc.zip
[2023-02-17 16:21:03,407] multiqc                                            [WARNING]  MultiQC Version v1.14 now available!
[2023-02-17 16:21:03,407] multiqc                                            [DEBUG  ]  Command     : /pub39/tea/nsc006/anaconda3/envs/illumina_qc/bin/multiqc -o raw_multiqc_output/r2 raw_fastqc_output/Sample_1_R2_fastqc.html raw_fastqc_output/Sample_1_R2_fastqc.zip raw_fastqc_output/Sample_2_R2_fastqc.html raw_fastqc_output/Sample_2_R2_fastqc.zip raw_fastqc_output/Sample_3_R2_fastqc.html raw_fastqc_output/Sample_3_R2_fastqc.zip raw_fastqc_output/Sample_4_R2_fastqc.html raw_fastqc_output/Sample_4_R2_fastqc.zip
[2023-02-17 16:21:03,408] multiqc                                            [DEBUG  ]  Working dir : /pub39/tea/nsc006/teach_tests/QC_workshop/Illumina_QC/multiqc_example
[2023-02-17 16:21:03,408] multiqc                                            [DEBUG  ]  Template    : default
[2023-02-17 16:21:03,408] multiqc                                            [DEBUG  ]  Running Python 3.10.0 | packaged by conda-forge | (default, Oct 12 2021, 21:24:28) [GCC 9.4.0]
[2023-02-17 16:21:03,408] multiqc                                            [DEBUG  ]  Analysing modules: custom_content, ccs, ngsderive, purple, conpair, lima, peddy, somalier, methylQA, mosdepth, phantompeakqualtools, qualimap, preseq, quast, qorts, rna_seqc, rockhopper, rsem, rseqc, busco, bustools, goleft_indexcov, gffcompare, disambiguate, supernova, deeptools, sargasso, verifybamid, mirtrace, happy, mirtop, sambamba, homer, hops, macs2, theta2, snpeff, gatk, htseq, bcftools, featureCounts, fgbio, dragen, dedup, damageprofiler, biobambam2, jcvi, mtnucratio, picard, vep, sentieon, prokka, qc3C, nanostat, samblaster, samtools, sexdeterrmine, eigenstratdatabasetools, bamtools, jellyfish, vcftools, longranger, stacks, varscan2, snippy, bbmap, bismark, biscuit, hicexplorer, hicup, hicpro, salmon, kallisto, slamdunk, star, hisat2, tophat, bowtie2, bowtie1, snpsplit, odgi, pangolin, kat, leehom, adapterRemoval, clipandmerge, cutadapt, flexbar, kaiju, kraken, malt, trimmomatic, sickle, skewer, sortmerna, biobloomtools, fastq_screen, afterqc, fastp, fastqc, pychopper, pycoqc, minionqc, multivcfanalyzer, clusterflow, bcl2fastq, bclconvert, interop, ivar, flash, seqyclean, optitype
[2023-02-17 16:21:03,408] multiqc                                            [DEBUG  ]  Using temporary directory for creating report: /tmp/tmp4kw5ij0u
[2023-02-17 16:21:03,523] multiqc                                            [INFO   ]  Search path : /pub39/tea/nsc006/teach_tests/QC_workshop/Illumina_QC/multiqc_example/raw_fastqc_output/Sample_1_R2_fastqc.html
[2023-02-17 16:21:03,524] multiqc                                            [INFO   ]  Search path : /pub39/tea/nsc006/teach_tests/QC_workshop/Illumina_QC/multiqc_example/raw_fastqc_output/Sample_1_R2_fastqc.zip
[2023-02-17 16:21:03,524] multiqc                                            [INFO   ]  Search path : /pub39/tea/nsc006/teach_tests/QC_workshop/Illumina_QC/multiqc_example/raw_fastqc_output/Sample_2_R2_fastqc.html
[2023-02-17 16:21:03,524] multiqc                                            [INFO   ]  Search path : /pub39/tea/nsc006/teach_tests/QC_workshop/Illumina_QC/multiqc_example/raw_fastqc_output/Sample_2_R2_fastqc.zip
[2023-02-17 16:21:03,524] multiqc                                            [INFO   ]  Search path : /pub39/tea/nsc006/teach_tests/QC_workshop/Illumina_QC/multiqc_example/raw_fastqc_output/Sample_3_R2_fastqc.html
[2023-02-17 16:21:03,524] multiqc                                            [INFO   ]  Search path : /pub39/tea/nsc006/teach_tests/QC_workshop/Illumina_QC/multiqc_example/raw_fastqc_output/Sample_3_R2_fastqc.zip
[2023-02-17 16:21:03,524] multiqc                                            [INFO   ]  Search path : /pub39/tea/nsc006/teach_tests/QC_workshop/Illumina_QC/multiqc_example/raw_fastqc_output/Sample_4_R2_fastqc.html
[2023-02-17 16:21:03,524] multiqc                                            [INFO   ]  Search path : /pub39/tea/nsc006/teach_tests/QC_workshop/Illumina_QC/multiqc_example/raw_fastqc_output/Sample_4_R2_fastqc.zip
[2023-02-17 16:21:03,575] multiqc                                            [DEBUG  ]  File ignored by ccs/v4 because it exceeded search pattern filesize limit: Sample_1_R2_fastqc.html
[2023-02-17 16:21:03,579] multiqc                                            [DEBUG  ]  File ignored by hicexplorer because it exceeded search pattern filesize limit: Sample_1_R2_fastqc.html
[2023-02-17 16:21:03,580] multiqc                                            [DEBUG  ]  File ignored by nanostat because it exceeded search pattern filesize limit: Sample_1_R2_fastqc.html
[2023-02-17 16:21:03,580] multiqc                                            [DEBUG  ]  File ignored by lima/summary because it exceeded search pattern filesize limit: Sample_1_R2_fastqc.html
[2023-02-17 16:21:03,589] multiqc                                            [DEBUG  ]  File ignored by vep/vep_txt because it exceeded search pattern filesize limit: Sample_1_R2_fastqc.html
[2023-02-17 16:21:03,589] multiqc                                            [DEBUG  ]  File ignored by longranger/invocation because it exceeded search pattern filesize limit: Sample_1_R2_fastqc.html
[2023-02-17 16:21:03,589] multiqc                                            [DEBUG  ]  File ignored by rockhopper because it exceeded search pattern filesize limit: Sample_1_R2_fastqc.html
[2023-02-17 16:21:03,589] multiqc                                            [DEBUG  ]  File ignored by rseqc/bam_stat because it exceeded search pattern filesize limit: Sample_1_R2_fastqc.html
[2023-02-17 16:21:03,590] multiqc                                            [DEBUG  ]  File ignored by rseqc/junction_annotation because it exceeded search pattern filesize limit: Sample_1_R2_fastqc.html
[2023-02-17 16:21:03,590] multiqc                                            [DEBUG  ]  File ignored by rseqc/read_distribution because it exceeded search pattern filesize limit: Sample_1_R2_fastqc.html
[2023-02-17 16:21:03,590] multiqc                                            [DEBUG  ]  File ignored by rseqc/infer_experiment because it exceeded search pattern filesize limit: Sample_1_R2_fastqc.html
[2023-02-17 16:21:03,708] multiqc                                            [DEBUG  ]  File ignored by ccs/v4 because it exceeded search pattern filesize limit: Sample_2_R2_fastqc.html
[2023-02-17 16:21:03,711] multiqc                                            [DEBUG  ]  File ignored by hicexplorer because it exceeded search pattern filesize limit: Sample_2_R2_fastqc.html
[2023-02-17 16:21:03,712] multiqc                                            [DEBUG  ]  File ignored by nanostat because it exceeded search pattern filesize limit: Sample_2_R2_fastqc.html
[2023-02-17 16:21:03,712] multiqc                                            [DEBUG  ]  File ignored by lima/summary because it exceeded search pattern filesize limit: Sample_2_R2_fastqc.html
[2023-02-17 16:21:03,719] multiqc                                            [DEBUG  ]  File ignored by vep/vep_txt because it exceeded search pattern filesize limit: Sample_2_R2_fastqc.html
[2023-02-17 16:21:03,719] multiqc                                            [DEBUG  ]  File ignored by longranger/invocation because it exceeded search pattern filesize limit: Sample_2_R2_fastqc.html
[2023-02-17 16:21:03,719] multiqc                                            [DEBUG  ]  File ignored by rockhopper because it exceeded search pattern filesize limit: Sample_2_R2_fastqc.html
[2023-02-17 16:21:03,719] multiqc                                            [DEBUG  ]  File ignored by rseqc/bam_stat because it exceeded search pattern filesize limit: Sample_2_R2_fastqc.html
[2023-02-17 16:21:03,719] multiqc                                            [DEBUG  ]  File ignored by rseqc/junction_annotation because it exceeded search pattern filesize limit: Sample_2_R2_fastqc.html
[2023-02-17 16:21:03,719] multiqc                                            [DEBUG  ]  File ignored by rseqc/read_distribution because it exceeded search pattern filesize limit: Sample_2_R2_fastqc.html
[2023-02-17 16:21:03,719] multiqc                                            [DEBUG  ]  File ignored by rseqc/infer_experiment because it exceeded search pattern filesize limit: Sample_2_R2_fastqc.html
[2023-02-17 16:21:03,832] multiqc                                            [DEBUG  ]  File ignored by ccs/v4 because it exceeded search pattern filesize limit: Sample_3_R2_fastqc.html
[2023-02-17 16:21:03,836] multiqc                                            [DEBUG  ]  File ignored by hicexplorer because it exceeded search pattern filesize limit: Sample_3_R2_fastqc.html
[2023-02-17 16:21:03,836] multiqc                                            [DEBUG  ]  File ignored by nanostat because it exceeded search pattern filesize limit: Sample_3_R2_fastqc.html
[2023-02-17 16:21:03,836] multiqc                                            [DEBUG  ]  File ignored by lima/summary because it exceeded search pattern filesize limit: Sample_3_R2_fastqc.html
[2023-02-17 16:21:03,843] multiqc                                            [DEBUG  ]  File ignored by vep/vep_txt because it exceeded search pattern filesize limit: Sample_3_R2_fastqc.html
[2023-02-17 16:21:03,843] multiqc                                            [DEBUG  ]  File ignored by longranger/invocation because it exceeded search pattern filesize limit: Sample_3_R2_fastqc.html
[2023-02-17 16:21:03,843] multiqc                                            [DEBUG  ]  File ignored by rockhopper because it exceeded search pattern filesize limit: Sample_3_R2_fastqc.html
[2023-02-17 16:21:03,843] multiqc                                            [DEBUG  ]  File ignored by rseqc/bam_stat because it exceeded search pattern filesize limit: Sample_3_R2_fastqc.html
[2023-02-17 16:21:03,843] multiqc                                            [DEBUG  ]  File ignored by rseqc/junction_annotation because it exceeded search pattern filesize limit: Sample_3_R2_fastqc.html
[2023-02-17 16:21:03,844] multiqc                                            [DEBUG  ]  File ignored by rseqc/read_distribution because it exceeded search pattern filesize limit: Sample_3_R2_fastqc.html
[2023-02-17 16:21:03,844] multiqc                                            [DEBUG  ]  File ignored by rseqc/infer_experiment because it exceeded search pattern filesize limit: Sample_3_R2_fastqc.html
[2023-02-17 16:21:03,960] multiqc                                            [DEBUG  ]  File ignored by ccs/v4 because it exceeded search pattern filesize limit: Sample_4_R2_fastqc.html
[2023-02-17 16:21:03,964] multiqc                                            [DEBUG  ]  File ignored by hicexplorer because it exceeded search pattern filesize limit: Sample_4_R2_fastqc.html
[2023-02-17 16:21:03,964] multiqc                                            [DEBUG  ]  File ignored by nanostat because it exceeded search pattern filesize limit: Sample_4_R2_fastqc.html
[2023-02-17 16:21:03,964] multiqc                                            [DEBUG  ]  File ignored by lima/summary because it exceeded search pattern filesize limit: Sample_4_R2_fastqc.html
[2023-02-17 16:21:03,971] multiqc                                            [DEBUG  ]  File ignored by vep/vep_txt because it exceeded search pattern filesize limit: Sample_4_R2_fastqc.html
[2023-02-17 16:21:03,971] multiqc                                            [DEBUG  ]  File ignored by longranger/invocation because it exceeded search pattern filesize limit: Sample_4_R2_fastqc.html
[2023-02-17 16:21:03,971] multiqc                                            [DEBUG  ]  File ignored by rockhopper because it exceeded search pattern filesize limit: Sample_4_R2_fastqc.html
[2023-02-17 16:21:03,971] multiqc                                            [DEBUG  ]  File ignored by rseqc/bam_stat because it exceeded search pattern filesize limit: Sample_4_R2_fastqc.html
[2023-02-17 16:21:03,971] multiqc                                            [DEBUG  ]  File ignored by rseqc/junction_annotation because it exceeded search pattern filesize limit: Sample_4_R2_fastqc.html
[2023-02-17 16:21:03,972] multiqc                                            [DEBUG  ]  File ignored by rseqc/read_distribution because it exceeded search pattern filesize limit: Sample_4_R2_fastqc.html
[2023-02-17 16:21:03,972] multiqc                                            [DEBUG  ]  File ignored by rseqc/infer_experiment because it exceeded search pattern filesize limit: Sample_4_R2_fastqc.html
[2023-02-17 16:21:04,517] multiqc.plots.bargraph                             [DEBUG  ]  Using matplotlib version 3.4.3
[2023-02-17 16:21:04,518] multiqc.plots.linegraph                            [DEBUG  ]  Using matplotlib version 3.4.3
[2023-02-17 16:21:04,519] multiqc                                            [DEBUG  ]  No samples found: custom_content
[2023-02-17 16:21:04,525] multiqc                                            [DEBUG  ]  No samples found: ccs
[2023-02-17 16:21:04,532] multiqc                                            [DEBUG  ]  No samples found: ngsderive
[2023-02-17 16:21:04,537] multiqc                                            [DEBUG  ]  No samples found: purple
[2023-02-17 16:21:04,543] multiqc                                            [DEBUG  ]  No samples found: conpair
[2023-02-17 16:21:04,549] multiqc                                            [DEBUG  ]  No samples found: lima
[2023-02-17 16:21:04,555] multiqc                                            [DEBUG  ]  No samples found: peddy
[2023-02-17 16:21:04,561] multiqc                                            [DEBUG  ]  No samples found: somalier
[2023-02-17 16:21:04,567] multiqc                                            [DEBUG  ]  No samples found: methylQA
[2023-02-17 16:21:04,574] multiqc.modules.mosdepth.mosdepth                  [DEBUG  ]  include_contigs: []
[2023-02-17 16:21:04,574] multiqc.modules.mosdepth.mosdepth                  [DEBUG  ]  exclude_contigs: []
[2023-02-17 16:21:04,575] multiqc                                            [DEBUG  ]  No samples found: mosdepth
[2023-02-17 16:21:04,580] multiqc                                            [DEBUG  ]  No samples found: phantompeakqualtools
[2023-02-17 16:21:04,586] multiqc                                            [DEBUG  ]  No samples found: qualimap
[2023-02-17 16:21:04,592] multiqc                                            [DEBUG  ]  No samples found: preseq
[2023-02-17 16:21:04,597] multiqc                                            [DEBUG  ]  No samples found: quast
[2023-02-17 16:21:04,603] multiqc                                            [DEBUG  ]  No samples found: qorts
[2023-02-17 16:21:04,609] multiqc                                            [DEBUG  ]  No samples found: rna_seqc
[2023-02-17 16:21:04,615] multiqc                                            [DEBUG  ]  No samples found: rockhopper
[2023-02-17 16:21:04,621] multiqc                                            [DEBUG  ]  No samples found: rsem
[2023-02-17 16:21:04,631] multiqc                                            [DEBUG  ]  No samples found: rseqc
[2023-02-17 16:21:04,637] multiqc                                            [DEBUG  ]  No samples found: busco
[2023-02-17 16:21:04,643] multiqc                                            [DEBUG  ]  No samples found: bustools
[2023-02-17 16:21:04,649] multiqc                                            [DEBUG  ]  No samples found: goleft_indexcov
[2023-02-17 16:21:04,654] multiqc                                            [DEBUG  ]  No samples found: gffcompare
[2023-02-17 16:21:04,660] multiqc                                            [DEBUG  ]  No samples found: disambiguate
[2023-02-17 16:21:04,666] multiqc                                            [DEBUG  ]  No samples found: supernova
[2023-02-17 16:21:04,676] multiqc                                            [DEBUG  ]  No samples found: deeptools
[2023-02-17 16:21:04,682] multiqc                                            [DEBUG  ]  No samples found: sargasso
[2023-02-17 16:21:04,688] multiqc                                            [DEBUG  ]  No samples found: verifybamid
[2023-02-17 16:21:04,694] multiqc                                            [DEBUG  ]  No samples found: mirtrace
[2023-02-17 16:21:04,699] multiqc                                            [DEBUG  ]  No samples found: happy
[2023-02-17 16:21:04,705] multiqc                                            [DEBUG  ]  No samples found: mirtop
[2023-02-17 16:21:04,711] multiqc                                            [DEBUG  ]  No samples found: sambamba
[2023-02-17 16:21:04,718] multiqc                                            [DEBUG  ]  No samples found: homer
[2023-02-17 16:21:04,724] multiqc                                            [DEBUG  ]  No samples found: hops
[2023-02-17 16:21:04,730] multiqc                                            [DEBUG  ]  No samples found: macs2
[2023-02-17 16:21:04,735] multiqc                                            [DEBUG  ]  No samples found: theta2
[2023-02-17 16:21:04,741] multiqc                                            [DEBUG  ]  No samples found: snpeff
[2023-02-17 16:21:04,748] multiqc                                            [DEBUG  ]  No samples found: gatk
[2023-02-17 16:21:04,754] multiqc                                            [DEBUG  ]  No samples found: htseq
[2023-02-17 16:21:04,760] multiqc                                            [DEBUG  ]  No samples found: bcftools
[2023-02-17 16:21:04,767] multiqc                                            [DEBUG  ]  No samples found: featureCounts
[2023-02-17 16:21:04,776] multiqc                                            [DEBUG  ]  No samples found: fgbio
[2023-02-17 16:21:04,786] multiqc                                            [DEBUG  ]  No samples found: dragen
[2023-02-17 16:21:04,792] multiqc                                            [DEBUG  ]  No samples found: dedup
[2023-02-17 16:21:04,798] multiqc                                            [DEBUG  ]  No samples found: damageprofiler
[2023-02-17 16:21:04,816] multiqc                                            [DEBUG  ]  No samples found: biobambam2
[2023-02-17 16:21:04,822] multiqc                                            [DEBUG  ]  No samples found: jcvi
[2023-02-17 16:21:04,828] multiqc                                            [DEBUG  ]  No samples found: mtnucratio
[2023-02-17 16:21:04,832] multiqc                                            [DEBUG  ]  No samples found: picard
[2023-02-17 16:21:04,838] multiqc                                            [DEBUG  ]  No samples found: vep
[2023-02-17 16:21:04,846] multiqc                                            [DEBUG  ]  No samples found: sentieon
[2023-02-17 16:21:04,851] multiqc                                            [DEBUG  ]  No samples found: prokka
[2023-02-17 16:21:04,857] multiqc                                            [DEBUG  ]  No samples found: qc3C
[2023-02-17 16:21:04,863] multiqc                                            [DEBUG  ]  No samples found: nanostat
[2023-02-17 16:21:04,869] multiqc                                            [DEBUG  ]  No samples found: samblaster
[2023-02-17 16:21:04,877] multiqc                                            [DEBUG  ]  No samples found: samtools
[2023-02-17 16:21:04,883] multiqc                                            [DEBUG  ]  No samples found: sexdeterrmine
[2023-02-17 16:21:04,888] multiqc                                            [DEBUG  ]  No samples found: eigenstratdatabasetools
[2023-02-17 16:21:04,895] multiqc                                            [DEBUG  ]  No samples found: bamtools
[2023-02-17 16:21:04,900] multiqc                                            [DEBUG  ]  No samples found: jellyfish
[2023-02-17 16:21:04,908] multiqc                                            [DEBUG  ]  No samples found: vcftools
[2023-02-17 16:21:04,914] multiqc                                            [DEBUG  ]  No samples found: longranger
[2023-02-17 16:21:04,920] multiqc                                            [DEBUG  ]  No samples found: stacks
[2023-02-17 16:21:04,925] multiqc                                            [DEBUG  ]  No samples found: varscan2
[2023-02-17 16:21:04,931] multiqc                                            [DEBUG  ]  No samples found: snippy
[2023-02-17 16:21:04,942] multiqc                                            [DEBUG  ]  No samples found: bbmap
[2023-02-17 16:21:04,948] multiqc                                            [DEBUG  ]  No samples found: bismark
[2023-02-17 16:21:04,954] multiqc                                            [DEBUG  ]  No samples found: biscuit
[2023-02-17 16:21:04,960] multiqc                                            [DEBUG  ]  No samples found: hicexplorer
[2023-02-17 16:21:04,966] multiqc                                            [DEBUG  ]  No samples found: hicup
[2023-02-17 16:21:04,972] multiqc                                            [DEBUG  ]  No samples found: hicpro
[2023-02-17 16:21:04,978] multiqc                                            [DEBUG  ]  No samples found: salmon
[2023-02-17 16:21:04,983] multiqc                                            [DEBUG  ]  No samples found: kallisto
[2023-02-17 16:21:04,989] multiqc                                            [DEBUG  ]  No samples found: slamdunk
[2023-02-17 16:21:04,995] multiqc                                            [DEBUG  ]  No samples found: star
[2023-02-17 16:21:05,001] multiqc                                            [DEBUG  ]  No samples found: hisat2
[2023-02-17 16:21:05,007] multiqc                                            [DEBUG  ]  No samples found: tophat
[2023-02-17 16:21:05,013] multiqc                                            [DEBUG  ]  No samples found: bowtie2
[2023-02-17 16:21:05,018] multiqc                                            [DEBUG  ]  No samples found: bowtie1
[2023-02-17 16:21:05,024] multiqc                                            [DEBUG  ]  No samples found: snpsplit
[2023-02-17 16:21:05,030] multiqc                                            [DEBUG  ]  No samples found: odgi
[2023-02-17 16:21:05,036] multiqc                                            [DEBUG  ]  No samples found: pangolin
[2023-02-17 16:21:05,041] multiqc                                            [DEBUG  ]  No samples found: kat
[2023-02-17 16:21:05,047] multiqc                                            [DEBUG  ]  No samples found: leehom
[2023-02-17 16:21:05,053] multiqc                                            [DEBUG  ]  No samples found: adapterRemoval
[2023-02-17 16:21:05,059] multiqc                                            [DEBUG  ]  No samples found: clipandmerge
[2023-02-17 16:21:05,065] multiqc                                            [DEBUG  ]  No samples found: cutadapt
[2023-02-17 16:21:05,071] multiqc                                            [DEBUG  ]  No samples found: flexbar
[2023-02-17 16:21:05,076] multiqc                                            [DEBUG  ]  No samples found: kaiju
[2023-02-17 16:21:05,082] multiqc                                            [DEBUG  ]  No samples found: kraken
[2023-02-17 16:21:05,088] multiqc                                            [DEBUG  ]  No samples found: malt
[2023-02-17 16:21:05,094] multiqc                                            [DEBUG  ]  No samples found: trimmomatic
[2023-02-17 16:21:05,100] multiqc                                            [DEBUG  ]  No samples found: sickle
[2023-02-17 16:21:05,105] multiqc                                            [DEBUG  ]  No samples found: skewer
[2023-02-17 16:21:05,111] multiqc                                            [DEBUG  ]  No samples found: sortmerna
[2023-02-17 16:21:05,117] multiqc                                            [DEBUG  ]  No samples found: biobloomtools
[2023-02-17 16:21:05,123] multiqc                                            [DEBUG  ]  No samples found: fastq_screen
[2023-02-17 16:21:05,128] multiqc                                            [DEBUG  ]  No samples found: afterqc
[2023-02-17 16:21:05,134] multiqc                                            [DEBUG  ]  No samples found: fastp
[2023-02-17 16:21:05,152] multiqc.modules.fastqc.fastqc                      [INFO   ]  Found 4 reports
[2023-02-17 16:21:05,279] multiqc                                            [DEBUG  ]  No samples found: pychopper
[2023-02-17 16:21:05,285] multiqc                                            [DEBUG  ]  No samples found: pycoqc
[2023-02-17 16:21:05,290] multiqc                                            [DEBUG  ]  No samples found: minionqc
[2023-02-17 16:21:05,296] multiqc                                            [DEBUG  ]  No samples found: multivcfanalyzer
[2023-02-17 16:21:05,302] multiqc                                            [DEBUG  ]  No samples found: clusterflow
[2023-02-17 16:21:05,308] multiqc                                            [DEBUG  ]  No samples found: bcl2fastq
[2023-02-17 16:21:05,314] multiqc                                            [DEBUG  ]  No samples found: bclconvert
[2023-02-17 16:21:05,320] multiqc                                            [DEBUG  ]  No samples found: interop
[2023-02-17 16:21:05,326] multiqc                                            [DEBUG  ]  No samples found: ivar
[2023-02-17 16:21:05,331] multiqc                                            [DEBUG  ]  No samples found: flash
[2023-02-17 16:21:05,337] multiqc                                            [DEBUG  ]  No samples found: seqyclean
[2023-02-17 16:21:05,343] multiqc                                            [DEBUG  ]  No samples found: optitype
[2023-02-17 16:21:05,352] multiqc                                            [INFO   ]  Compressing plot data
[2023-02-17 16:21:05,417] multiqc                                            [INFO   ]  Report      : raw_multiqc_output/r2/multiqc_report.html
[2023-02-17 16:21:05,417] multiqc                                            [INFO   ]  Data        : raw_multiqc_output/r2/multiqc_data
[2023-02-17 16:21:05,417] multiqc                                            [DEBUG  ]  Moving data file from '/tmp/tmp4kw5ij0u/multiqc_data' to 'raw_multiqc_output/r2/multiqc_data'
[2023-02-17 16:21:05,577] multiqc                                            [INFO   ]  MultiQC complete
